2019-03-03 01:40:54,081 ERROR 12453 [-/::1/-/2ms POST /project/single/building/point_image] nodejs.ENOENTError: ENOENT: no such file or directory, scandir '/home/kang/Code/ibeem/app/public/file/point'
    at Object.fs.readdirSync (fs.js:904:18)
    at SingleBuildingController.buildingPointImage (/home/kang/Code/ibeem/app/controller/project/single_building.js:353:26)
    at Object.callFn (/home/kang/Code/ibeem/node_modules/_egg-core@4.14.1@egg-core/lib/utils/index.js:44:21)
    at Object.classControllerMiddleware (/home/kang/Code/ibeem/node_modules/_egg-core@4.14.1@egg-core/lib/loader/mixin/controller.js:87:20)
    at Object.callFn (/home/kang/Code/ibeem/node_modules/_@eggjs_router@2.0.0@@eggjs/router/lib/utils.js:12:21)
    at wrappedController (/home/kang/Code/ibeem/node_modules/_@eggjs_router@2.0.0@@eggjs/router/lib/egg_router.js:322:18)
    at dispatch (/home/kang/Code/ibeem/node_modules/_koa-compose@3.2.1@koa-compose/index.js:44:32)
    at next (/home/kang/Code/ibeem/node_modules/_koa-compose@3.2.1@koa-compose/index.js:45:18)
    at /home/kang/Code/ibeem/app/middleware/user_required.js:15:11
    at dispatch (/home/kang/Code/ibeem/node_modules/_koa-compose@3.2.1@koa-compose/index.js:44:32)
    at next (/home/kang/Code/ibeem/node_modules/_koa-compose@3.2.1@koa-compose/index.js:45:18)
    at /home/kang/Code/ibeem/node_modules/_@eggjs_router@2.0.0@@eggjs/router/lib/router.js:190:18
    at dispatch (/home/kang/Code/ibeem/node_modules/_koa-compose@3.2.1@koa-compose/index.js:44:32)
    at /home/kang/Code/ibeem/node_modules/_koa-compose@3.2.1@koa-compose/index.js:36:12
    at dispatch (/home/kang/Code/ibeem/node_modules/_@eggjs_router@2.0.0@@eggjs/router/lib/router.js:195:33)
    at dispatch (/home/kang/Code/ibeem/node_modules/_koa-compose@4.1.0@koa-compose/index.js:42:32)
errno: -2
code: "ENOENT"
syscall: "scandir"
path: "/home/kang/Code/ibeem/app/public/file/point"
name: "ENOENTError"
pid: 12453
hostname: ubuntu

2019-03-03 01:45:24,921 ERROR 12604 [-/::1/-/2ms POST /project/single/building/point_image] nodejs.ENOENTError: ENOENT: no such file or directory, scandir '/home/kang/Code/ibeem/app/public/file/point'
    at Object.fs.readdirSync (fs.js:904:18)
    at SingleBuildingController.buildingPointImage (/home/kang/Code/ibeem/app/controller/project/single_building.js:353:26)
    at Object.callFn (/home/kang/Code/ibeem/node_modules/_egg-core@4.14.1@egg-core/lib/utils/index.js:44:21)
    at Object.classControllerMiddleware (/home/kang/Code/ibeem/node_modules/_egg-core@4.14.1@egg-core/lib/loader/mixin/controller.js:87:20)
    at Object.callFn (/home/kang/Code/ibeem/node_modules/_@eggjs_router@2.0.0@@eggjs/router/lib/utils.js:12:21)
    at wrappedController (/home/kang/Code/ibeem/node_modules/_@eggjs_router@2.0.0@@eggjs/router/lib/egg_router.js:322:18)
    at dispatch (/home/kang/Code/ibeem/node_modules/_koa-compose@3.2.1@koa-compose/index.js:44:32)
    at next (/home/kang/Code/ibeem/node_modules/_koa-compose@3.2.1@koa-compose/index.js:45:18)
    at /home/kang/Code/ibeem/app/middleware/user_required.js:15:11
    at dispatch (/home/kang/Code/ibeem/node_modules/_koa-compose@3.2.1@koa-compose/index.js:44:32)
    at next (/home/kang/Code/ibeem/node_modules/_koa-compose@3.2.1@koa-compose/index.js:45:18)
    at /home/kang/Code/ibeem/node_modules/_@eggjs_router@2.0.0@@eggjs/router/lib/router.js:190:18
    at dispatch (/home/kang/Code/ibeem/node_modules/_koa-compose@3.2.1@koa-compose/index.js:44:32)
    at /home/kang/Code/ibeem/node_modules/_koa-compose@3.2.1@koa-compose/index.js:36:12
    at dispatch (/home/kang/Code/ibeem/node_modules/_@eggjs_router@2.0.0@@eggjs/router/lib/router.js:195:33)
    at dispatch (/home/kang/Code/ibeem/node_modules/_koa-compose@4.1.0@koa-compose/index.js:42:32)
errno: -2
code: "ENOENT"
syscall: "scandir"
path: "/home/kang/Code/ibeem/app/public/file/point"
name: "ENOENTError"
pid: 12604
hostname: ubuntu

2019-03-03 02:00:57,401 ERROR 12604 [-/::1/-/1ms GET /common/questionDX] nodejs.AssertionError [ERR_ASSERTION]: Can't find common/components/questionDx.html from /home/kang/Code/ibeem/app/view
    at Map.resolve (/home/kang/Code/ibeem/node_modules/_egg-view@2.1.2@egg-view/lib/view_manager.js:74:5)
    at <anonymous>
generatedMessage: false
name: "AssertionError [ERR_ASSERTION]"
code: "ERR_ASSERTION"
actual: undefined
expected: true
operator: "=="
pid: 12604
hostname: ubuntu

2019-03-03 02:09:23,961 ERROR 12604 [-/::1/-/2ms GET /common/questionDX] nodejs.AssertionError [ERR_ASSERTION]: Can't find common/components/questionDx.html from /home/kang/Code/ibeem/app/view
    at Map.resolve (/home/kang/Code/ibeem/node_modules/_egg-view@2.1.2@egg-view/lib/view_manager.js:74:5)
    at <anonymous>
generatedMessage: false
name: "AssertionError [ERR_ASSERTION]"
code: "ERR_ASSERTION"
actual: undefined
expected: true
operator: "=="
pid: 12604
hostname: ubuntu

2019-03-03 02:10:27,072 ERROR 12604 [-/::1/-/2ms GET /common/questionDX] nodejs.AssertionError [ERR_ASSERTION]: Can't find common/components/questionDx.html from /home/kang/Code/ibeem/app/view
    at Map.resolve (/home/kang/Code/ibeem/node_modules/_egg-view@2.1.2@egg-view/lib/view_manager.js:74:5)
    at <anonymous>
generatedMessage: false
name: "AssertionError [ERR_ASSERTION]"
code: "ERR_ASSERTION"
actual: undefined
expected: true
operator: "=="
pid: 12604
hostname: ubuntu

2019-03-03 02:10:30,177 ERROR 12604 [-/::1/-/2ms GET /common/questionDX] nodejs.AssertionError [ERR_ASSERTION]: Can't find common/components/questionDx.html from /home/kang/Code/ibeem/app/view
    at Map.resolve (/home/kang/Code/ibeem/node_modules/_egg-view@2.1.2@egg-view/lib/view_manager.js:74:5)
    at <anonymous>
generatedMessage: false
name: "AssertionError [ERR_ASSERTION]"
code: "ERR_ASSERTION"
actual: undefined
expected: true
operator: "=="
pid: 12604
hostname: ubuntu

2019-03-03 15:34:32,561 ERROR 6681 [-/::1/-/76ms GET /project/building/export?buildingId=7025] nodejs.Error: 0th row data is not array
    at buildSheetFromMatrix (/home/kang/Code/ibeem/node_modules/_node-xlsx@0.12.1@node-xlsx/lib/helpers.js:49:42)
    at /home/kang/Code/ibeem/node_modules/_node-xlsx@0.12.1@node-xlsx/lib/index.js:46:50
    at Array.forEach (<anonymous>)
    at Object.build (/home/kang/Code/ibeem/node_modules/_node-xlsx@0.12.1@node-xlsx/lib/index.js:44:14)
    at Helper.exports.xlsxData.data [as xlsxData] (/home/kang/Code/ibeem/app/extend/helper.js:50:15)
    at IndexController.buildingExport (/home/kang/Code/ibeem/app/controller/project/index.js:211:27)
    at <anonymous>
    at process._tickCallback (internal/process/next_tick.js:188:7)

pid: 6681
hostname: ubuntu

2019-03-03 15:34:32,741 ERROR 6681 [-/::1/-/17ms GET /project/building/export?buildingId=7025] nodejs.Error: 0th row data is not array
    at buildSheetFromMatrix (/home/kang/Code/ibeem/node_modules/_node-xlsx@0.12.1@node-xlsx/lib/helpers.js:49:42)
    at /home/kang/Code/ibeem/node_modules/_node-xlsx@0.12.1@node-xlsx/lib/index.js:46:50
    at Array.forEach (<anonymous>)
    at Object.build (/home/kang/Code/ibeem/node_modules/_node-xlsx@0.12.1@node-xlsx/lib/index.js:44:14)
    at Helper.exports.xlsxData.data [as xlsxData] (/home/kang/Code/ibeem/app/extend/helper.js:50:15)
    at IndexController.buildingExport (/home/kang/Code/ibeem/app/controller/project/index.js:211:27)
    at <anonymous>
    at process._tickCallback (internal/process/next_tick.js:188:7)

pid: 6681
hostname: ubuntu

2019-03-03 15:36:05,960 ERROR 6743 [-/::1/-/62ms GET /project/building/export?buildingId=7025] nodejs.Error: 0th row data is not array
    at buildSheetFromMatrix (/home/kang/Code/ibeem/node_modules/_node-xlsx@0.12.1@node-xlsx/lib/helpers.js:49:42)
    at /home/kang/Code/ibeem/node_modules/_node-xlsx@0.12.1@node-xlsx/lib/index.js:46:50
    at Array.forEach (<anonymous>)
    at Object.build (/home/kang/Code/ibeem/node_modules/_node-xlsx@0.12.1@node-xlsx/lib/index.js:44:14)
    at Helper.exports.xlsxData.data [as xlsxData] (/home/kang/Code/ibeem/app/extend/helper.js:50:15)
    at IndexController.buildingExport (/home/kang/Code/ibeem/app/controller/project/index.js:211:27)
    at <anonymous>
    at process._tickCallback (internal/process/next_tick.js:188:7)

pid: 6743
hostname: ubuntu

2019-03-03 15:36:06,171 ERROR 6743 [-/::1/-/21ms GET /project/building/export?buildingId=7025] nodejs.Error: 0th row data is not array
    at buildSheetFromMatrix (/home/kang/Code/ibeem/node_modules/_node-xlsx@0.12.1@node-xlsx/lib/helpers.js:49:42)
    at /home/kang/Code/ibeem/node_modules/_node-xlsx@0.12.1@node-xlsx/lib/index.js:46:50
    at Array.forEach (<anonymous>)
    at Object.build (/home/kang/Code/ibeem/node_modules/_node-xlsx@0.12.1@node-xlsx/lib/index.js:44:14)
    at Helper.exports.xlsxData.data [as xlsxData] (/home/kang/Code/ibeem/app/extend/helper.js:50:15)
    at IndexController.buildingExport (/home/kang/Code/ibeem/app/controller/project/index.js:211:27)
    at <anonymous>
    at process._tickCallback (internal/process/next_tick.js:188:7)

pid: 6743
hostname: ubuntu

2019-03-03 15:36:11,225 ERROR 6743 [-/::1/-/21ms GET /project/building/export?buildingId=7025] nodejs.Error: 0th row data is not array
    at buildSheetFromMatrix (/home/kang/Code/ibeem/node_modules/_node-xlsx@0.12.1@node-xlsx/lib/helpers.js:49:42)
    at /home/kang/Code/ibeem/node_modules/_node-xlsx@0.12.1@node-xlsx/lib/index.js:46:50
    at Array.forEach (<anonymous>)
    at Object.build (/home/kang/Code/ibeem/node_modules/_node-xlsx@0.12.1@node-xlsx/lib/index.js:44:14)
    at Helper.exports.xlsxData.data [as xlsxData] (/home/kang/Code/ibeem/app/extend/helper.js:50:15)
    at IndexController.buildingExport (/home/kang/Code/ibeem/app/controller/project/index.js:211:27)
    at <anonymous>
    at process._tickCallback (internal/process/next_tick.js:188:7)

pid: 6743
hostname: ubuntu

2019-03-03 15:36:41,264 ERROR 6743 [-/::1/-/16ms GET /project/building/export?buildingId=7025] nodejs.Error: 0th row data is not array
    at buildSheetFromMatrix (/home/kang/Code/ibeem/node_modules/_node-xlsx@0.12.1@node-xlsx/lib/helpers.js:49:42)
    at /home/kang/Code/ibeem/node_modules/_node-xlsx@0.12.1@node-xlsx/lib/index.js:46:50
    at Array.forEach (<anonymous>)
    at Object.build (/home/kang/Code/ibeem/node_modules/_node-xlsx@0.12.1@node-xlsx/lib/index.js:44:14)
    at Helper.exports.xlsxData.data [as xlsxData] (/home/kang/Code/ibeem/app/extend/helper.js:50:15)
    at IndexController.buildingExport (/home/kang/Code/ibeem/app/controller/project/index.js:211:27)
    at <anonymous>
    at process._tickCallback (internal/process/next_tick.js:188:7)

pid: 6743
hostname: ubuntu

2019-03-03 15:37:14,580 ERROR 6816 [-/::1/-/62ms GET /project/building/export?buildingId=7025] nodejs.Error: 0th row data is not array
    at buildSheetFromMatrix (/home/kang/Code/ibeem/node_modules/_node-xlsx@0.12.1@node-xlsx/lib/helpers.js:49:42)
    at /home/kang/Code/ibeem/node_modules/_node-xlsx@0.12.1@node-xlsx/lib/index.js:46:50
    at Array.forEach (<anonymous>)
    at Object.build (/home/kang/Code/ibeem/node_modules/_node-xlsx@0.12.1@node-xlsx/lib/index.js:44:14)
    at Helper.exports.xlsxData.data [as xlsxData] (/home/kang/Code/ibeem/app/extend/helper.js:50:15)
    at IndexController.buildingExport (/home/kang/Code/ibeem/app/controller/project/index.js:212:27)
    at <anonymous>
    at process._tickCallback (internal/process/next_tick.js:188:7)

pid: 6816
hostname: ubuntu

2019-03-03 15:37:14,779 ERROR 6816 [-/::1/-/16ms GET /project/building/export?buildingId=7025] nodejs.Error: 0th row data is not array
    at buildSheetFromMatrix (/home/kang/Code/ibeem/node_modules/_node-xlsx@0.12.1@node-xlsx/lib/helpers.js:49:42)
    at /home/kang/Code/ibeem/node_modules/_node-xlsx@0.12.1@node-xlsx/lib/index.js:46:50
    at Array.forEach (<anonymous>)
    at Object.build (/home/kang/Code/ibeem/node_modules/_node-xlsx@0.12.1@node-xlsx/lib/index.js:44:14)
    at Helper.exports.xlsxData.data [as xlsxData] (/home/kang/Code/ibeem/app/extend/helper.js:50:15)
    at IndexController.buildingExport (/home/kang/Code/ibeem/app/controller/project/index.js:212:27)
    at <anonymous>
    at process._tickCallback (internal/process/next_tick.js:188:7)

pid: 6816
hostname: ubuntu

2019-03-03 15:37:19,816 ERROR 6816 [-/::1/-/22ms GET /project/building/export?buildingId=7025] nodejs.Error: 0th row data is not array
    at buildSheetFromMatrix (/home/kang/Code/ibeem/node_modules/_node-xlsx@0.12.1@node-xlsx/lib/helpers.js:49:42)
    at /home/kang/Code/ibeem/node_modules/_node-xlsx@0.12.1@node-xlsx/lib/index.js:46:50
    at Array.forEach (<anonymous>)
    at Object.build (/home/kang/Code/ibeem/node_modules/_node-xlsx@0.12.1@node-xlsx/lib/index.js:44:14)
    at Helper.exports.xlsxData.data [as xlsxData] (/home/kang/Code/ibeem/app/extend/helper.js:50:15)
    at IndexController.buildingExport (/home/kang/Code/ibeem/app/controller/project/index.js:212:27)
    at <anonymous>
    at process._tickCallback (internal/process/next_tick.js:188:7)

pid: 6816
hostname: ubuntu

2019-03-03 15:37:49,858 ERROR 6816 [-/::1/-/19ms GET /project/building/export?buildingId=7025] nodejs.Error: 0th row data is not array
    at buildSheetFromMatrix (/home/kang/Code/ibeem/node_modules/_node-xlsx@0.12.1@node-xlsx/lib/helpers.js:49:42)
    at /home/kang/Code/ibeem/node_modules/_node-xlsx@0.12.1@node-xlsx/lib/index.js:46:50
    at Array.forEach (<anonymous>)
    at Object.build (/home/kang/Code/ibeem/node_modules/_node-xlsx@0.12.1@node-xlsx/lib/index.js:44:14)
    at Helper.exports.xlsxData.data [as xlsxData] (/home/kang/Code/ibeem/app/extend/helper.js:50:15)
    at IndexController.buildingExport (/home/kang/Code/ibeem/app/controller/project/index.js:212:27)
    at <anonymous>
    at process._tickCallback (internal/process/next_tick.js:188:7)

pid: 6816
hostname: ubuntu

2019-03-03 15:38:49,968 ERROR 6816 [-/::1/-/72ms GET /project/building/export?buildingId=7025] nodejs.Error: 0th row data is not array
    at buildSheetFromMatrix (/home/kang/Code/ibeem/node_modules/_node-xlsx@0.12.1@node-xlsx/lib/helpers.js:49:42)
    at /home/kang/Code/ibeem/node_modules/_node-xlsx@0.12.1@node-xlsx/lib/index.js:46:50
    at Array.forEach (<anonymous>)
    at Object.build (/home/kang/Code/ibeem/node_modules/_node-xlsx@0.12.1@node-xlsx/lib/index.js:44:14)
    at Helper.exports.xlsxData.data [as xlsxData] (/home/kang/Code/ibeem/app/extend/helper.js:50:15)
    at IndexController.buildingExport (/home/kang/Code/ibeem/app/controller/project/index.js:212:27)
    at <anonymous>
    at process._tickCallback (internal/process/next_tick.js:188:7)

pid: 6816
hostname: ubuntu

2019-03-03 15:39:27,985 ERROR 6920 [-/::1/-/32ms GET /project/building/export?buildingId=7025] nodejs.Error: 0th row data is not array
    at buildSheetFromMatrix (/home/kang/Code/ibeem/node_modules/_node-xlsx@0.12.1@node-xlsx/lib/helpers.js:49:42)
    at /home/kang/Code/ibeem/node_modules/_node-xlsx@0.12.1@node-xlsx/lib/index.js:46:50
    at Array.forEach (<anonymous>)
    at Object.build (/home/kang/Code/ibeem/node_modules/_node-xlsx@0.12.1@node-xlsx/lib/index.js:44:14)
    at Helper.exports.xlsxData.data [as xlsxData] (/home/kang/Code/ibeem/app/extend/helper.js:50:15)
    at IndexController.buildingExport (/home/kang/Code/ibeem/app/controller/project/index.js:212:27)
    at <anonymous>
    at process._tickCallback (internal/process/next_tick.js:188:7)

pid: 6920
hostname: ubuntu

2019-03-03 15:39:28,706 ERROR 6920 [-/::1/-/47ms GET /project/building/export?buildingId=7025] nodejs.Error: 0th row data is not array
    at buildSheetFromMatrix (/home/kang/Code/ibeem/node_modules/_node-xlsx@0.12.1@node-xlsx/lib/helpers.js:49:42)
    at /home/kang/Code/ibeem/node_modules/_node-xlsx@0.12.1@node-xlsx/lib/index.js:46:50
    at Array.forEach (<anonymous>)
    at Object.build (/home/kang/Code/ibeem/node_modules/_node-xlsx@0.12.1@node-xlsx/lib/index.js:44:14)
    at Helper.exports.xlsxData.data [as xlsxData] (/home/kang/Code/ibeem/app/extend/helper.js:50:15)
    at IndexController.buildingExport (/home/kang/Code/ibeem/app/controller/project/index.js:212:27)
    at <anonymous>
    at process._tickCallback (internal/process/next_tick.js:188:7)

pid: 6920
hostname: ubuntu

2019-03-03 15:39:28,990 ERROR 6920 [-/::1/-/34ms GET /project/building/export?buildingId=7025] nodejs.Error: 0th row data is not array
    at buildSheetFromMatrix (/home/kang/Code/ibeem/node_modules/_node-xlsx@0.12.1@node-xlsx/lib/helpers.js:49:42)
    at /home/kang/Code/ibeem/node_modules/_node-xlsx@0.12.1@node-xlsx/lib/index.js:46:50
    at Array.forEach (<anonymous>)
    at Object.build (/home/kang/Code/ibeem/node_modules/_node-xlsx@0.12.1@node-xlsx/lib/index.js:44:14)
    at Helper.exports.xlsxData.data [as xlsxData] (/home/kang/Code/ibeem/app/extend/helper.js:50:15)
    at IndexController.buildingExport (/home/kang/Code/ibeem/app/controller/project/index.js:212:27)
    at <anonymous>
    at process._tickCallback (internal/process/next_tick.js:188:7)

pid: 6920
hostname: ubuntu

2019-03-03 15:39:33,475 ERROR 6920 [-/::1/-/25ms GET /project/building/export?buildingId=7025] nodejs.Error: 0th row data is not array
    at buildSheetFromMatrix (/home/kang/Code/ibeem/node_modules/_node-xlsx@0.12.1@node-xlsx/lib/helpers.js:49:42)
    at /home/kang/Code/ibeem/node_modules/_node-xlsx@0.12.1@node-xlsx/lib/index.js:46:50
    at Array.forEach (<anonymous>)
    at Object.build (/home/kang/Code/ibeem/node_modules/_node-xlsx@0.12.1@node-xlsx/lib/index.js:44:14)
    at Helper.exports.xlsxData.data [as xlsxData] (/home/kang/Code/ibeem/app/extend/helper.js:50:15)
    at IndexController.buildingExport (/home/kang/Code/ibeem/app/controller/project/index.js:212:27)
    at <anonymous>
    at process._tickCallback (internal/process/next_tick.js:188:7)

pid: 6920
hostname: ubuntu

2019-03-03 15:39:33,650 ERROR 6920 [-/::1/-/11ms GET /project/building/export?buildingId=7025] nodejs.Error: 0th row data is not array
    at buildSheetFromMatrix (/home/kang/Code/ibeem/node_modules/_node-xlsx@0.12.1@node-xlsx/lib/helpers.js:49:42)
    at /home/kang/Code/ibeem/node_modules/_node-xlsx@0.12.1@node-xlsx/lib/index.js:46:50
    at Array.forEach (<anonymous>)
    at Object.build (/home/kang/Code/ibeem/node_modules/_node-xlsx@0.12.1@node-xlsx/lib/index.js:44:14)
    at Helper.exports.xlsxData.data [as xlsxData] (/home/kang/Code/ibeem/app/extend/helper.js:50:15)
    at IndexController.buildingExport (/home/kang/Code/ibeem/app/controller/project/index.js:212:27)
    at <anonymous>
    at process._tickCallback (internal/process/next_tick.js:188:7)

pid: 6920
hostname: ubuntu

2019-03-03 15:39:38,686 ERROR 6920 [-/::1/-/11ms GET /project/building/export?buildingId=7025] nodejs.Error: 0th row data is not array
    at buildSheetFromMatrix (/home/kang/Code/ibeem/node_modules/_node-xlsx@0.12.1@node-xlsx/lib/helpers.js:49:42)
    at /home/kang/Code/ibeem/node_modules/_node-xlsx@0.12.1@node-xlsx/lib/index.js:46:50
    at Array.forEach (<anonymous>)
    at Object.build (/home/kang/Code/ibeem/node_modules/_node-xlsx@0.12.1@node-xlsx/lib/index.js:44:14)
    at Helper.exports.xlsxData.data [as xlsxData] (/home/kang/Code/ibeem/app/extend/helper.js:50:15)
    at IndexController.buildingExport (/home/kang/Code/ibeem/app/controller/project/index.js:212:27)
    at <anonymous>
    at process._tickCallback (internal/process/next_tick.js:188:7)

pid: 6920
hostname: ubuntu

2019-03-03 15:40:08,726 ERROR 6920 [-/::1/-/14ms GET /project/building/export?buildingId=7025] nodejs.Error: 0th row data is not array
    at buildSheetFromMatrix (/home/kang/Code/ibeem/node_modules/_node-xlsx@0.12.1@node-xlsx/lib/helpers.js:49:42)
    at /home/kang/Code/ibeem/node_modules/_node-xlsx@0.12.1@node-xlsx/lib/index.js:46:50
    at Array.forEach (<anonymous>)
    at Object.build (/home/kang/Code/ibeem/node_modules/_node-xlsx@0.12.1@node-xlsx/lib/index.js:44:14)
    at Helper.exports.xlsxData.data [as xlsxData] (/home/kang/Code/ibeem/app/extend/helper.js:50:15)
    at IndexController.buildingExport (/home/kang/Code/ibeem/app/controller/project/index.js:212:27)
    at <anonymous>
    at process._tickCallback (internal/process/next_tick.js:188:7)

pid: 6920
hostname: ubuntu

2019-03-03 15:41:08,870 ERROR 7037 [-/::1/-/83ms GET /project/building/export?buildingId=7025] nodejs.Error: 0th row data is not array
    at buildSheetFromMatrix (/home/kang/Code/ibeem/node_modules/_node-xlsx@0.12.1@node-xlsx/lib/helpers.js:49:42)
    at /home/kang/Code/ibeem/node_modules/_node-xlsx@0.12.1@node-xlsx/lib/index.js:46:50
    at Array.forEach (<anonymous>)
    at Object.build (/home/kang/Code/ibeem/node_modules/_node-xlsx@0.12.1@node-xlsx/lib/index.js:44:14)
    at Helper.exports.xlsxData.data [as xlsxData] (/home/kang/Code/ibeem/app/extend/helper.js:50:15)
    at IndexController.buildingExport (/home/kang/Code/ibeem/app/controller/project/index.js:211:27)
    at <anonymous>
    at process._tickCallback (internal/process/next_tick.js:188:7)

pid: 7037
hostname: ubuntu

2019-03-03 15:46:08,975 ERROR 7037 [-/::1/-/17ms GET /project/building/export?buildingId=7025] nodejs.Error: 0th row data is not array
    at buildSheetFromMatrix (/home/kang/Code/ibeem/node_modules/_node-xlsx@0.12.1@node-xlsx/lib/helpers.js:49:42)
    at /home/kang/Code/ibeem/node_modules/_node-xlsx@0.12.1@node-xlsx/lib/index.js:46:50
    at Array.forEach (<anonymous>)
    at Object.build (/home/kang/Code/ibeem/node_modules/_node-xlsx@0.12.1@node-xlsx/lib/index.js:44:14)
    at Helper.exports.xlsxData.data [as xlsxData] (/home/kang/Code/ibeem/app/extend/helper.js:50:15)
    at IndexController.buildingExport (/home/kang/Code/ibeem/app/controller/project/index.js:211:27)
    at <anonymous>
    at process._tickCallback (internal/process/next_tick.js:188:7)

pid: 7037
hostname: ubuntu

2019-03-03 15:56:09,021 ERROR 7037 [-/::1/-/17ms GET /project/building/export?buildingId=7025] nodejs.Error: 0th row data is not array
    at buildSheetFromMatrix (/home/kang/Code/ibeem/node_modules/_node-xlsx@0.12.1@node-xlsx/lib/helpers.js:49:42)
    at /home/kang/Code/ibeem/node_modules/_node-xlsx@0.12.1@node-xlsx/lib/index.js:46:50
    at Array.forEach (<anonymous>)
    at Object.build (/home/kang/Code/ibeem/node_modules/_node-xlsx@0.12.1@node-xlsx/lib/index.js:44:14)
    at Helper.exports.xlsxData.data [as xlsxData] (/home/kang/Code/ibeem/app/extend/helper.js:50:15)
    at IndexController.buildingExport (/home/kang/Code/ibeem/app/controller/project/index.js:211:27)
    at <anonymous>
    at process._tickCallback (internal/process/next_tick.js:188:7)

pid: 7037
hostname: ubuntu

2019-03-03 16:26:09,166 ERROR 7037 [-/::1/-/113ms GET /project/building/export?buildingId=7025] nodejs.Error: 0th row data is not array
    at buildSheetFromMatrix (/home/kang/Code/ibeem/node_modules/_node-xlsx@0.12.1@node-xlsx/lib/helpers.js:49:42)
    at /home/kang/Code/ibeem/node_modules/_node-xlsx@0.12.1@node-xlsx/lib/index.js:46:50
    at Array.forEach (<anonymous>)
    at Object.build (/home/kang/Code/ibeem/node_modules/_node-xlsx@0.12.1@node-xlsx/lib/index.js:44:14)
    at Helper.exports.xlsxData.data [as xlsxData] (/home/kang/Code/ibeem/app/extend/helper.js:50:15)
    at IndexController.buildingExport (/home/kang/Code/ibeem/app/controller/project/index.js:211:27)
    at <anonymous>
    at process._tickCallback (internal/process/next_tick.js:188:7)

pid: 7037
hostname: ubuntu

2019-03-03 16:56:09,238 ERROR 7037 [-/::1/-/14ms GET /project/building/export?buildingId=7025] nodejs.Error: 0th row data is not array
    at buildSheetFromMatrix (/home/kang/Code/ibeem/node_modules/_node-xlsx@0.12.1@node-xlsx/lib/helpers.js:49:42)
    at /home/kang/Code/ibeem/node_modules/_node-xlsx@0.12.1@node-xlsx/lib/index.js:46:50
    at Array.forEach (<anonymous>)
    at Object.build (/home/kang/Code/ibeem/node_modules/_node-xlsx@0.12.1@node-xlsx/lib/index.js:44:14)
    at Helper.exports.xlsxData.data [as xlsxData] (/home/kang/Code/ibeem/app/extend/helper.js:50:15)
    at IndexController.buildingExport (/home/kang/Code/ibeem/app/controller/project/index.js:211:27)
    at <anonymous>
    at process._tickCallback (internal/process/next_tick.js:188:7)

pid: 7037
hostname: ubuntu

2019-03-03 17:04:12,114 ERROR 7634 [-/::1/-/51ms GET /project/building/export?buildingId=7025] nodejs.Error: 0th row data is not array
    at buildSheetFromMatrix (/home/kang/Code/ibeem/node_modules/_node-xlsx@0.12.1@node-xlsx/lib/helpers.js:49:42)
    at /home/kang/Code/ibeem/node_modules/_node-xlsx@0.12.1@node-xlsx/lib/index.js:46:50
    at Array.forEach (<anonymous>)
    at Object.build (/home/kang/Code/ibeem/node_modules/_node-xlsx@0.12.1@node-xlsx/lib/index.js:44:14)
    at Helper.exports.xlsxData.data [as xlsxData] (/home/kang/Code/ibeem/app/extend/helper.js:50:15)
    at IndexController.buildingExport (/home/kang/Code/ibeem/app/controller/project/index.js:211:27)
    at <anonymous>
    at process._tickCallback (internal/process/next_tick.js:188:7)

pid: 7634
hostname: ubuntu

2019-03-03 17:04:12,354 ERROR 7634 [-/::1/-/13ms GET /project/building/export?buildingId=7025] nodejs.Error: 0th row data is not array
    at buildSheetFromMatrix (/home/kang/Code/ibeem/node_modules/_node-xlsx@0.12.1@node-xlsx/lib/helpers.js:49:42)
    at /home/kang/Code/ibeem/node_modules/_node-xlsx@0.12.1@node-xlsx/lib/index.js:46:50
    at Array.forEach (<anonymous>)
    at Object.build (/home/kang/Code/ibeem/node_modules/_node-xlsx@0.12.1@node-xlsx/lib/index.js:44:14)
    at Helper.exports.xlsxData.data [as xlsxData] (/home/kang/Code/ibeem/app/extend/helper.js:50:15)
    at IndexController.buildingExport (/home/kang/Code/ibeem/app/controller/project/index.js:211:27)
    at <anonymous>
    at process._tickCallback (internal/process/next_tick.js:188:7)

pid: 7634
hostname: ubuntu

2019-03-03 17:48:04,602 ERROR 8368 [-/::1/-/34ms GET /project/single/topBuilding/export?topBuildingID=25] nodejs.ReferenceError: xlsx_data is not defined
    at SingleBuildingController.topBuildingExport (/home/kang/Code/ibeem/app/controller/project/single_building.js:640:40)
    at <anonymous>
    at process._tickCallback (internal/process/next_tick.js:188:7)

pid: 8368
hostname: ubuntu

2019-03-03 17:48:04,790 ERROR 8368 [-/::1/-/14ms GET /project/single/topBuilding/export?topBuildingID=25] nodejs.ReferenceError: xlsx_data is not defined
    at SingleBuildingController.topBuildingExport (/home/kang/Code/ibeem/app/controller/project/single_building.js:640:40)
    at <anonymous>
    at process._tickCallback (internal/process/next_tick.js:188:7)

pid: 8368
hostname: ubuntu

2019-03-03 17:49:16,585 ERROR 8423 [-/::1/-/19ms GET /project/single/topBuilding/export?topBuildingID=25] nodejs.ReferenceError: xlsx_data is not defined
    at SingleBuildingController.topBuildingExport (/home/kang/Code/ibeem/app/controller/project/single_building.js:640:40)
    at <anonymous>
    at process._tickCallback (internal/process/next_tick.js:188:7)

pid: 8423
hostname: ubuntu

2019-03-03 17:49:16,788 ERROR 8423 [-/::1/-/10ms GET /project/single/topBuilding/export?topBuildingID=25] nodejs.ReferenceError: xlsx_data is not defined
    at SingleBuildingController.topBuildingExport (/home/kang/Code/ibeem/app/controller/project/single_building.js:640:40)
    at <anonymous>
    at process._tickCallback (internal/process/next_tick.js:188:7)

pid: 8423
hostname: ubuntu

2019-03-03 17:49:21,819 ERROR 8423 [-/::1/-/13ms GET /project/single/topBuilding/export?topBuildingID=25] nodejs.ReferenceError: xlsx_data is not defined
    at SingleBuildingController.topBuildingExport (/home/kang/Code/ibeem/app/controller/project/single_building.js:640:40)
    at <anonymous>
    at process._tickCallback (internal/process/next_tick.js:188:7)

pid: 8423
hostname: ubuntu

