2019-03-01 22:28:53,595 INFO 5296 [Timer] /home/kang/Code/ibeem/node_modules/_egg-multipart@2.4.0@egg-multipart/app/schedule/clean_tmpdir.js next time will execute after 21666408ms at 2019-03-02 04:30:00.003
2019-03-01 22:28:53,595 INFO 5296 [Timer] /home/kang/Code/ibeem/node_modules/_egg-logrotator@3.0.5@egg-logrotator/app/schedule/clean_log.js next time will execute after 5466405ms at 2019-03-02 00:00:00.000
2019-03-01 22:28:53,595 INFO 5296 [Timer] /home/kang/Code/ibeem/node_modules/_egg-logrotator@3.0.5@egg-logrotator/app/schedule/rotate_by_file.js next time will execute after 5467405ms at 2019-03-02 00:00:01.000
2019-03-01 22:28:53,595 INFO 5296 [Timer] /home/kang/Code/ibeem/app/schedule/load_device_data.js next time will execute after 5466405ms at 2019-03-02 00:00:00.000
2019-03-01 22:28:53,596 INFO 5296 [Timer] /home/kang/Code/ibeem/app/schedule/weixin.js next time will execute after 1866405ms at 2019-03-01 23:00:00.001
2019-03-01 22:28:53,596 INFO 5296 [Timer] /home/kang/Code/ibeem/app/schedule/work_order.js next time will execute after 6404ms at 2019-03-01 22:29:00.000
2019-03-01 22:28:52,920 INFO 5306 [egg-schedule]: register schedule /home/kang/Code/ibeem/node_modules/_egg-multipart@2.4.0@egg-multipart/app/schedule/clean_tmpdir.js
2019-03-01 22:28:52,921 INFO 5306 [egg-schedule]: register schedule /home/kang/Code/ibeem/node_modules/_egg-logrotator@3.0.5@egg-logrotator/app/schedule/clean_log.js
2019-03-01 22:28:52,921 INFO 5306 [egg-schedule]: register schedule /home/kang/Code/ibeem/node_modules/_egg-logrotator@3.0.5@egg-logrotator/app/schedule/rotate_by_file.js
2019-03-01 22:28:52,921 INFO 5306 [egg-schedule]: register schedule /home/kang/Code/ibeem/app/schedule/load_device_data.js
2019-03-01 22:28:52,921 INFO 5306 [egg-schedule]: register schedule /home/kang/Code/ibeem/app/schedule/weixin.js
2019-03-01 22:28:52,921 INFO 5306 [egg-schedule]: register schedule /home/kang/Code/ibeem/app/schedule/work_order.js
2019-03-01 22:29:00,003 INFO 5296 [Timer] /home/kang/Code/ibeem/app/schedule/work_order.js next time will execute after 59998ms at 2019-03-01 22:30:00.001
2019-03-01 22:29:00,003 INFO 5306 [Job#155145054000178245582708031] /home/kang/Code/ibeem/app/schedule/work_order.js executing by app
2019-03-01 22:29:00,018 INFO 5306 [Job#155145054000178245582708031] /home/kang/Code/ibeem/app/schedule/work_order.js execute succeed, used 14ms
2019-03-01 22:30:00,008 INFO 5296 [Timer] /home/kang/Code/ibeem/app/schedule/work_order.js next time will execute after 59997ms at 2019-03-01 22:31:00.005
2019-03-01 22:30:00,004 INFO 5306 [Job#155145060000278845593607012] /home/kang/Code/ibeem/app/schedule/work_order.js executing by app
2019-03-01 22:30:00,021 INFO 5306 [Job#155145060000278845593607012] /home/kang/Code/ibeem/app/schedule/work_order.js execute succeed, used 16ms
2019-03-01 22:31:00,007 INFO 5306 [Job#155145066000579445623019253] /home/kang/Code/ibeem/app/schedule/work_order.js executing by app
2019-03-01 22:31:00,023 INFO 5306 [Job#155145066000579445623019253] /home/kang/Code/ibeem/app/schedule/work_order.js execute succeed, used 16ms
2019-03-01 22:31:00,014 INFO 5296 [Timer] /home/kang/Code/ibeem/app/schedule/work_order.js next time will execute after 59995ms at 2019-03-01 22:32:00.009
2019-03-01 22:32:00,016 INFO 5296 [Timer] /home/kang/Code/ibeem/app/schedule/work_order.js next time will execute after 59990ms at 2019-03-01 22:33:00.006
2019-03-01 22:32:00,012 INFO 5306 [Job#155145072001080045670685384] /home/kang/Code/ibeem/app/schedule/work_order.js executing by app
2019-03-01 22:32:00,026 INFO 5306 [Job#155145072001080045670685384] /home/kang/Code/ibeem/app/schedule/work_order.js execute succeed, used 14ms
2019-03-01 22:33:00,008 INFO 5296 [Timer] /home/kang/Code/ibeem/app/schedule/work_order.js next time will execute after 59993ms at 2019-03-01 22:34:00.001
2019-03-01 22:33:00,007 INFO 5306 [Job#155145078000780645640246225] /home/kang/Code/ibeem/app/schedule/work_order.js executing by app
2019-03-01 22:33:00,021 INFO 5306 [Job#155145078000780645640246225] /home/kang/Code/ibeem/app/schedule/work_order.js execute succeed, used 14ms
2019-03-01 22:33:20,120 INFO 6257 [egg-schedule]: register schedule /home/kang/Code/ibeem/node_modules/_egg-multipart@2.4.0@egg-multipart/app/schedule/clean_tmpdir.js
2019-03-01 22:33:20,120 INFO 6257 [egg-schedule]: register schedule /home/kang/Code/ibeem/node_modules/_egg-logrotator@3.0.5@egg-logrotator/app/schedule/clean_log.js
2019-03-01 22:33:20,120 INFO 6257 [egg-schedule]: register schedule /home/kang/Code/ibeem/node_modules/_egg-logrotator@3.0.5@egg-logrotator/app/schedule/rotate_by_file.js
2019-03-01 22:33:20,120 INFO 6257 [egg-schedule]: register schedule /home/kang/Code/ibeem/app/schedule/load_device_data.js
2019-03-01 22:33:20,120 INFO 6257 [egg-schedule]: register schedule /home/kang/Code/ibeem/app/schedule/weixin.js
2019-03-01 22:33:20,120 INFO 6257 [egg-schedule]: register schedule /home/kang/Code/ibeem/app/schedule/work_order.js
2019-03-01 22:33:37,576 INFO 6284 [egg-schedule]: register schedule /home/kang/Code/ibeem/node_modules/_egg-multipart@2.4.0@egg-multipart/app/schedule/clean_tmpdir.js
2019-03-01 22:33:37,576 INFO 6284 [egg-schedule]: register schedule /home/kang/Code/ibeem/node_modules/_egg-logrotator@3.0.5@egg-logrotator/app/schedule/clean_log.js
2019-03-01 22:33:37,576 INFO 6284 [egg-schedule]: register schedule /home/kang/Code/ibeem/node_modules/_egg-logrotator@3.0.5@egg-logrotator/app/schedule/rotate_by_file.js
2019-03-01 22:33:37,576 INFO 6284 [egg-schedule]: register schedule /home/kang/Code/ibeem/app/schedule/load_device_data.js
2019-03-01 22:33:37,576 INFO 6284 [egg-schedule]: register schedule /home/kang/Code/ibeem/app/schedule/weixin.js
2019-03-01 22:33:37,576 INFO 6284 [egg-schedule]: register schedule /home/kang/Code/ibeem/app/schedule/work_order.js
2019-03-01 22:33:47,202 INFO 6304 [egg-schedule]: register schedule /home/kang/Code/ibeem/node_modules/_egg-multipart@2.4.0@egg-multipart/app/schedule/clean_tmpdir.js
2019-03-01 22:33:47,202 INFO 6304 [egg-schedule]: register schedule /home/kang/Code/ibeem/node_modules/_egg-logrotator@3.0.5@egg-logrotator/app/schedule/clean_log.js
2019-03-01 22:33:47,202 INFO 6304 [egg-schedule]: register schedule /home/kang/Code/ibeem/node_modules/_egg-logrotator@3.0.5@egg-logrotator/app/schedule/rotate_by_file.js
2019-03-01 22:33:47,202 INFO 6304 [egg-schedule]: register schedule /home/kang/Code/ibeem/app/schedule/load_device_data.js
2019-03-01 22:33:47,202 INFO 6304 [egg-schedule]: register schedule /home/kang/Code/ibeem/app/schedule/weixin.js
2019-03-01 22:33:47,202 INFO 6304 [egg-schedule]: register schedule /home/kang/Code/ibeem/app/schedule/work_order.js
2019-03-01 22:33:58,341 INFO 6319 [egg-schedule]: register schedule /home/kang/Code/ibeem/node_modules/_egg-multipart@2.4.0@egg-multipart/app/schedule/clean_tmpdir.js
2019-03-01 22:33:58,341 INFO 6319 [egg-schedule]: register schedule /home/kang/Code/ibeem/node_modules/_egg-logrotator@3.0.5@egg-logrotator/app/schedule/clean_log.js
2019-03-01 22:33:58,341 INFO 6319 [egg-schedule]: register schedule /home/kang/Code/ibeem/node_modules/_egg-logrotator@3.0.5@egg-logrotator/app/schedule/rotate_by_file.js
2019-03-01 22:33:58,341 INFO 6319 [egg-schedule]: register schedule /home/kang/Code/ibeem/app/schedule/load_device_data.js
2019-03-01 22:33:58,341 INFO 6319 [egg-schedule]: register schedule /home/kang/Code/ibeem/app/schedule/weixin.js
2019-03-01 22:33:58,341 INFO 6319 [egg-schedule]: register schedule /home/kang/Code/ibeem/app/schedule/work_order.js
2019-03-01 22:34:00,010 INFO 5296 [Timer] /home/kang/Code/ibeem/app/schedule/work_order.js next time will execute after 59997ms at 2019-03-01 22:35:00.007
2019-03-01 22:34:00,005 INFO 6319 [Job#155145084000281245595653836] /home/kang/Code/ibeem/app/schedule/work_order.js executing by app
2019-03-01 22:34:00,038 INFO 6319 [Job#155145084000281245595653836] /home/kang/Code/ibeem/app/schedule/work_order.js execute succeed, used 27ms
2019-03-01 22:34:09,335 INFO 6329 [egg-schedule]: register schedule /home/kang/Code/ibeem/node_modules/_egg-multipart@2.4.0@egg-multipart/app/schedule/clean_tmpdir.js
2019-03-01 22:34:09,335 INFO 6329 [egg-schedule]: register schedule /home/kang/Code/ibeem/node_modules/_egg-logrotator@3.0.5@egg-logrotator/app/schedule/clean_log.js
2019-03-01 22:34:09,335 INFO 6329 [egg-schedule]: register schedule /home/kang/Code/ibeem/node_modules/_egg-logrotator@3.0.5@egg-logrotator/app/schedule/rotate_by_file.js
2019-03-01 22:34:09,335 INFO 6329 [egg-schedule]: register schedule /home/kang/Code/ibeem/app/schedule/load_device_data.js
2019-03-01 22:34:09,335 INFO 6329 [egg-schedule]: register schedule /home/kang/Code/ibeem/app/schedule/weixin.js
2019-03-01 22:34:09,335 INFO 6329 [egg-schedule]: register schedule /home/kang/Code/ibeem/app/schedule/work_order.js
2019-03-01 22:34:19,603 INFO 6339 [egg-schedule]: register schedule /home/kang/Code/ibeem/node_modules/_egg-multipart@2.4.0@egg-multipart/app/schedule/clean_tmpdir.js
2019-03-01 22:34:19,603 INFO 6339 [egg-schedule]: register schedule /home/kang/Code/ibeem/node_modules/_egg-logrotator@3.0.5@egg-logrotator/app/schedule/clean_log.js
2019-03-01 22:34:19,603 INFO 6339 [egg-schedule]: register schedule /home/kang/Code/ibeem/node_modules/_egg-logrotator@3.0.5@egg-logrotator/app/schedule/rotate_by_file.js
2019-03-01 22:34:19,603 INFO 6339 [egg-schedule]: register schedule /home/kang/Code/ibeem/app/schedule/load_device_data.js
2019-03-01 22:34:19,603 INFO 6339 [egg-schedule]: register schedule /home/kang/Code/ibeem/app/schedule/weixin.js
2019-03-01 22:34:19,603 INFO 6339 [egg-schedule]: register schedule /home/kang/Code/ibeem/app/schedule/work_order.js
2019-03-01 22:34:37,255 INFO 6352 [egg-schedule]: register schedule /home/kang/Code/ibeem/node_modules/_egg-multipart@2.4.0@egg-multipart/app/schedule/clean_tmpdir.js
2019-03-01 22:34:37,255 INFO 6352 [egg-schedule]: register schedule /home/kang/Code/ibeem/node_modules/_egg-logrotator@3.0.5@egg-logrotator/app/schedule/clean_log.js
2019-03-01 22:34:37,255 INFO 6352 [egg-schedule]: register schedule /home/kang/Code/ibeem/node_modules/_egg-logrotator@3.0.5@egg-logrotator/app/schedule/rotate_by_file.js
2019-03-01 22:34:37,255 INFO 6352 [egg-schedule]: register schedule /home/kang/Code/ibeem/app/schedule/load_device_data.js
2019-03-01 22:34:37,255 INFO 6352 [egg-schedule]: register schedule /home/kang/Code/ibeem/app/schedule/weixin.js
2019-03-01 22:34:37,255 INFO 6352 [egg-schedule]: register schedule /home/kang/Code/ibeem/app/schedule/work_order.js
2019-03-01 22:34:49,164 INFO 6362 [egg-schedule]: register schedule /home/kang/Code/ibeem/node_modules/_egg-multipart@2.4.0@egg-multipart/app/schedule/clean_tmpdir.js
2019-03-01 22:34:49,164 INFO 6362 [egg-schedule]: register schedule /home/kang/Code/ibeem/node_modules/_egg-logrotator@3.0.5@egg-logrotator/app/schedule/clean_log.js
2019-03-01 22:34:49,164 INFO 6362 [egg-schedule]: register schedule /home/kang/Code/ibeem/node_modules/_egg-logrotator@3.0.5@egg-logrotator/app/schedule/rotate_by_file.js
2019-03-01 22:34:49,164 INFO 6362 [egg-schedule]: register schedule /home/kang/Code/ibeem/app/schedule/load_device_data.js
2019-03-01 22:34:49,164 INFO 6362 [egg-schedule]: register schedule /home/kang/Code/ibeem/app/schedule/weixin.js
2019-03-01 22:34:49,164 INFO 6362 [egg-schedule]: register schedule /home/kang/Code/ibeem/app/schedule/work_order.js
2019-03-01 22:35:00,010 INFO 6362 [Job#155145090000881845654276017] /home/kang/Code/ibeem/app/schedule/work_order.js executing by app
2019-03-01 22:35:00,027 INFO 6362 [Job#155145090000881845654276017] /home/kang/Code/ibeem/app/schedule/work_order.js execute succeed, used 15ms
2019-03-01 22:35:00,011 INFO 5296 [Timer] /home/kang/Code/ibeem/app/schedule/work_order.js next time will execute after 59992ms at 2019-03-01 22:36:00.003
2019-03-01 22:36:00,006 INFO 6362 [Job#155145096000582445618380128] /home/kang/Code/ibeem/app/schedule/work_order.js executing by app
2019-03-01 22:36:00,025 INFO 6362 [Job#155145096000582445618380128] /home/kang/Code/ibeem/app/schedule/work_order.js execute succeed, used 18ms
2019-03-01 22:36:00,010 INFO 5296 [Timer] /home/kang/Code/ibeem/app/schedule/work_order.js next time will execute after 59995ms at 2019-03-01 22:37:00.005
2019-03-01 22:37:00,006 INFO 6362 [Job#155145102000683045631472819] /home/kang/Code/ibeem/app/schedule/work_order.js executing by app
2019-03-01 22:37:00,017 INFO 6362 [Job#155145102000683045631472819] /home/kang/Code/ibeem/app/schedule/work_order.js execute succeed, used 11ms
2019-03-01 22:37:00,007 INFO 5296 [Timer] /home/kang/Code/ibeem/app/schedule/work_order.js next time will execute after 59994ms at 2019-03-01 22:38:00.001
2019-03-01 22:36:59,998 INFO 6392 [egg-schedule]: register schedule /home/kang/Code/ibeem/node_modules/_egg-multipart@2.4.0@egg-multipart/app/schedule/clean_tmpdir.js
2019-03-01 22:36:59,998 INFO 6392 [egg-schedule]: register schedule /home/kang/Code/ibeem/node_modules/_egg-logrotator@3.0.5@egg-logrotator/app/schedule/clean_log.js
2019-03-01 22:36:59,998 INFO 6392 [egg-schedule]: register schedule /home/kang/Code/ibeem/node_modules/_egg-logrotator@3.0.5@egg-logrotator/app/schedule/rotate_by_file.js
2019-03-01 22:36:59,998 INFO 6392 [egg-schedule]: register schedule /home/kang/Code/ibeem/app/schedule/load_device_data.js
2019-03-01 22:36:59,998 INFO 6392 [egg-schedule]: register schedule /home/kang/Code/ibeem/app/schedule/weixin.js
2019-03-01 22:36:59,998 INFO 6392 [egg-schedule]: register schedule /home/kang/Code/ibeem/app/schedule/work_order.js
2019-03-01 22:37:42,767 INFO 6409 [egg-schedule]: register schedule /home/kang/Code/ibeem/node_modules/_egg-multipart@2.4.0@egg-multipart/app/schedule/clean_tmpdir.js
2019-03-01 22:37:42,767 INFO 6409 [egg-schedule]: register schedule /home/kang/Code/ibeem/node_modules/_egg-logrotator@3.0.5@egg-logrotator/app/schedule/clean_log.js
2019-03-01 22:37:42,767 INFO 6409 [egg-schedule]: register schedule /home/kang/Code/ibeem/node_modules/_egg-logrotator@3.0.5@egg-logrotator/app/schedule/rotate_by_file.js
2019-03-01 22:37:42,767 INFO 6409 [egg-schedule]: register schedule /home/kang/Code/ibeem/app/schedule/load_device_data.js
2019-03-01 22:37:42,767 INFO 6409 [egg-schedule]: register schedule /home/kang/Code/ibeem/app/schedule/weixin.js
2019-03-01 22:37:42,767 INFO 6409 [egg-schedule]: register schedule /home/kang/Code/ibeem/app/schedule/work_order.js
2019-03-01 22:37:50,288 INFO 6419 [egg-schedule]: register schedule /home/kang/Code/ibeem/node_modules/_egg-multipart@2.4.0@egg-multipart/app/schedule/clean_tmpdir.js
2019-03-01 22:37:50,288 INFO 6419 [egg-schedule]: register schedule /home/kang/Code/ibeem/node_modules/_egg-logrotator@3.0.5@egg-logrotator/app/schedule/clean_log.js
2019-03-01 22:37:50,288 INFO 6419 [egg-schedule]: register schedule /home/kang/Code/ibeem/node_modules/_egg-logrotator@3.0.5@egg-logrotator/app/schedule/rotate_by_file.js
2019-03-01 22:37:50,288 INFO 6419 [egg-schedule]: register schedule /home/kang/Code/ibeem/app/schedule/load_device_data.js
2019-03-01 22:37:50,288 INFO 6419 [egg-schedule]: register schedule /home/kang/Code/ibeem/app/schedule/weixin.js
2019-03-01 22:37:50,288 INFO 6419 [egg-schedule]: register schedule /home/kang/Code/ibeem/app/schedule/work_order.js
2019-03-01 22:38:00,014 INFO 6419 [Job#1551451080002836455944041110] /home/kang/Code/ibeem/app/schedule/work_order.js executing by app
2019-03-01 22:38:00,045 INFO 6419 [Job#1551451080002836455944041110] /home/kang/Code/ibeem/app/schedule/work_order.js execute succeed, used 25ms
2019-03-01 22:38:00,011 INFO 5296 [Timer] /home/kang/Code/ibeem/app/schedule/work_order.js next time will execute after 59997ms at 2019-03-01 22:39:00.007
2019-03-01 22:38:03,143 INFO 6429 [egg-schedule]: register schedule /home/kang/Code/ibeem/node_modules/_egg-multipart@2.4.0@egg-multipart/app/schedule/clean_tmpdir.js
2019-03-01 22:38:03,143 INFO 6429 [egg-schedule]: register schedule /home/kang/Code/ibeem/node_modules/_egg-logrotator@3.0.5@egg-logrotator/app/schedule/clean_log.js
2019-03-01 22:38:03,143 INFO 6429 [egg-schedule]: register schedule /home/kang/Code/ibeem/node_modules/_egg-logrotator@3.0.5@egg-logrotator/app/schedule/rotate_by_file.js
2019-03-01 22:38:03,143 INFO 6429 [egg-schedule]: register schedule /home/kang/Code/ibeem/app/schedule/load_device_data.js
2019-03-01 22:38:03,143 INFO 6429 [egg-schedule]: register schedule /home/kang/Code/ibeem/app/schedule/weixin.js
2019-03-01 22:38:03,143 INFO 6429 [egg-schedule]: register schedule /home/kang/Code/ibeem/app/schedule/work_order.js
2019-03-01 22:38:18,013 INFO 6439 [egg-schedule]: register schedule /home/kang/Code/ibeem/node_modules/_egg-multipart@2.4.0@egg-multipart/app/schedule/clean_tmpdir.js
2019-03-01 22:38:18,014 INFO 6439 [egg-schedule]: register schedule /home/kang/Code/ibeem/node_modules/_egg-logrotator@3.0.5@egg-logrotator/app/schedule/clean_log.js
2019-03-01 22:38:18,014 INFO 6439 [egg-schedule]: register schedule /home/kang/Code/ibeem/node_modules/_egg-logrotator@3.0.5@egg-logrotator/app/schedule/rotate_by_file.js
2019-03-01 22:38:18,014 INFO 6439 [egg-schedule]: register schedule /home/kang/Code/ibeem/app/schedule/load_device_data.js
2019-03-01 22:38:18,014 INFO 6439 [egg-schedule]: register schedule /home/kang/Code/ibeem/app/schedule/weixin.js
2019-03-01 22:38:18,014 INFO 6439 [egg-schedule]: register schedule /home/kang/Code/ibeem/app/schedule/work_order.js
2019-03-01 22:39:00,010 INFO 6439 [Job#1551451140008842456507701211] /home/kang/Code/ibeem/app/schedule/work_order.js executing by app
2019-03-01 22:39:00,015 INFO 5296 [Timer] /home/kang/Code/ibeem/app/schedule/work_order.js next time will execute after 59991ms at 2019-03-01 22:40:00.006
2019-03-01 22:39:00,042 INFO 6439 [Job#1551451140008842456507701211] /home/kang/Code/ibeem/app/schedule/work_order.js execute succeed, used 26ms
2019-03-01 22:39:39,810 INFO 6466 [egg-schedule]: register schedule /home/kang/Code/ibeem/node_modules/_egg-multipart@2.4.0@egg-multipart/app/schedule/clean_tmpdir.js
2019-03-01 22:39:39,811 INFO 6466 [egg-schedule]: register schedule /home/kang/Code/ibeem/node_modules/_egg-logrotator@3.0.5@egg-logrotator/app/schedule/clean_log.js
2019-03-01 22:39:39,811 INFO 6466 [egg-schedule]: register schedule /home/kang/Code/ibeem/node_modules/_egg-logrotator@3.0.5@egg-logrotator/app/schedule/rotate_by_file.js
2019-03-01 22:39:39,811 INFO 6466 [egg-schedule]: register schedule /home/kang/Code/ibeem/app/schedule/load_device_data.js
2019-03-01 22:39:39,811 INFO 6466 [egg-schedule]: register schedule /home/kang/Code/ibeem/app/schedule/weixin.js
2019-03-01 22:39:39,811 INFO 6466 [egg-schedule]: register schedule /home/kang/Code/ibeem/app/schedule/work_order.js
2019-03-01 22:40:00,012 INFO 5296 [Timer] /home/kang/Code/ibeem/app/schedule/work_order.js next time will execute after 59993ms at 2019-03-01 22:41:00.005
2019-03-01 22:40:00,010 INFO 6466 [Job#1551451200007848456383814912] /home/kang/Code/ibeem/app/schedule/work_order.js executing by app
2019-03-01 22:40:00,044 INFO 6466 [Job#1551451200007848456383814912] /home/kang/Code/ibeem/app/schedule/work_order.js execute succeed, used 28ms
2019-03-01 22:41:00,008 INFO 5296 [Timer] /home/kang/Code/ibeem/app/schedule/work_order.js next time will execute after 59994ms at 2019-03-01 22:42:00.002
2019-03-01 22:41:00,006 INFO 6466 [Job#1551451260006854456295977913] /home/kang/Code/ibeem/app/schedule/work_order.js executing by app
2019-03-01 22:41:00,021 INFO 6466 [Job#1551451260006854456295977913] /home/kang/Code/ibeem/app/schedule/work_order.js execute succeed, used 14ms
2019-03-01 22:42:00,019 INFO 5296 [Timer] /home/kang/Code/ibeem/app/schedule/work_order.js next time will execute after 59997ms at 2019-03-01 22:43:00.016
2019-03-01 22:42:00,005 INFO 6466 [Job#1551451320002860455956055114] /home/kang/Code/ibeem/app/schedule/work_order.js executing by app
2019-03-01 22:42:00,024 INFO 6466 [Job#1551451320002860455956055114] /home/kang/Code/ibeem/app/schedule/work_order.js execute succeed, used 19ms
2019-03-01 22:43:00,018 INFO 6466 [Job#1551451380017866457438034715] /home/kang/Code/ibeem/app/schedule/work_order.js executing by app
2019-03-01 22:43:00,024 INFO 5296 [Timer] /home/kang/Code/ibeem/app/schedule/work_order.js next time will execute after 59983ms at 2019-03-01 22:44:00.007
2019-03-01 22:43:00,035 INFO 6466 [Job#1551451380017866457438034715] /home/kang/Code/ibeem/app/schedule/work_order.js execute succeed, used 16ms
