2019-03-01 22:28:52,899 INFO 5306 [egg:logger] init all loggers with options: {"dir":"/home/kang/Code/ibeem/logs/ibeem","encoding":"utf8","env":"local","level":"INFO","consoleLevel":"INFO","disableConsoleAfterReady":false,"outputJSON":false,"buffer":true,"appLogName":"ibeem-web.log","coreLogName":"egg-web.log","agentLogName":"egg-agent.log","errorLogName":"common-error.log","coreLogger":{"consoleLevel":"WARN"},"allowDebugAtProd":false,"type":"application"}
2019-03-01 22:28:52,921 INFO 5306 [egg-multipart] file mode enable
2019-03-01 22:28:52,921 INFO 5306 [egg-multipart] will save temporary files to "./tmp", cleanup job cron: "0 30 4 * * *"
2019-03-01 22:28:52,977 INFO 5306 [egg-redis] server connecting redis://:***@127.0.0.1:6379/0
2019-03-01 22:28:52,979 INFO 5306 [egg-mysql] connecting root@123.57.62.130:3306/ibeem_test
2019-03-01 22:28:53,120 INFO 5306 [egg-static] starting static serve /public/ -> /home/kang/Code/ibeem/app/public
2019-03-01 22:28:53,122 INFO 5306 [egg-security] use methodnoallow middleware
2019-03-01 22:28:53,122 INFO 5306 [egg-security] use noopen middleware
2019-03-01 22:28:53,123 INFO 5306 [egg-security] use nosniff middleware
2019-03-01 22:28:53,123 INFO 5306 [egg-security] use xssProtection middleware
2019-03-01 22:28:53,123 INFO 5306 [egg-security] use xframe middleware
2019-03-01 22:28:53,123 INFO 5306 [egg-security] use dta middleware
2019-03-01 22:28:53,123 INFO 5306 [egg-security] compose 6 middlewares into one security middleware
2019-03-01 22:28:53,155 INFO 5306 [egg:core] dump config after load, 5ms
2019-03-01 22:28:53,191 INFO 5306 [egg-redis] client connect success
2019-03-01 22:28:53,196 INFO 5306 [egg-redis] instance[0] status OK, redis server currentTime: Fri Mar 01 2019 22:28:53 GMT+0800 (CST)
2019-03-01 22:28:53,199 INFO 5306 [egg-watcher:application] watcher start success
2019-03-01 22:28:53,559 INFO 5306 [egg-mysql] instance[0] status OK, rds currentTime: Fri Mar 01 2019 22:28:53 GMT+0800 (CST)
2019-03-01 22:28:53,586 INFO 5306 [egg:core] dump config after ready, 21ms
2019-03-01 22:33:20,087 INFO 6257 [egg:logger] init all loggers with options: {"dir":"/home/kang/Code/ibeem/logs/ibeem","encoding":"utf8","env":"local","level":"INFO","consoleLevel":"INFO","disableConsoleAfterReady":false,"outputJSON":false,"buffer":true,"appLogName":"ibeem-web.log","coreLogName":"egg-web.log","agentLogName":"egg-agent.log","errorLogName":"common-error.log","coreLogger":{"consoleLevel":"WARN"},"allowDebugAtProd":false,"type":"application"}
2019-03-01 22:33:20,120 INFO 6257 [egg-multipart] file mode enable
2019-03-01 22:33:20,120 INFO 6257 [egg-multipart] will save temporary files to "./tmp", cleanup job cron: "0 30 4 * * *"
2019-03-01 22:33:20,224 INFO 6257 [egg-redis] server connecting redis://:***@127.0.0.1:6379/0
2019-03-01 22:33:20,231 INFO 6257 [egg-mysql] connecting root@123.57.62.130:3306/ibeem_test
2019-03-01 22:33:20,494 INFO 6257 [egg-static] starting static serve /public/ -> /home/kang/Code/ibeem/app/public
2019-03-01 22:33:20,497 INFO 6257 [egg-security] use methodnoallow middleware
2019-03-01 22:33:20,498 INFO 6257 [egg-security] use noopen middleware
2019-03-01 22:33:20,498 INFO 6257 [egg-security] use nosniff middleware
2019-03-01 22:33:20,498 INFO 6257 [egg-security] use xssProtection middleware
2019-03-01 22:33:20,498 INFO 6257 [egg-security] use xframe middleware
2019-03-01 22:33:20,499 INFO 6257 [egg-security] use dta middleware
2019-03-01 22:33:20,499 INFO 6257 [egg-security] compose 6 middlewares into one security middleware
2019-03-01 22:33:20,556 INFO 6257 [egg:core] dump config after load, 12ms
2019-03-01 22:33:20,615 INFO 6257 [egg-redis] client connect success
2019-03-01 22:33:20,631 INFO 6257 [egg-watcher:application] watcher start success
2019-03-01 22:33:20,632 INFO 6257 [egg-redis] instance[0] status OK, redis server currentTime: Fri Mar 01 2019 22:33:20 GMT+0800 (CST)
2019-03-01 22:33:20,643 INFO 6257 [egg-mysql] instance[0] status OK, rds currentTime: Fri Mar 01 2019 22:33:20 GMT+0800 (CST)
2019-03-01 22:33:20,657 INFO 6257 [egg:core] dump config after ready, 11ms
2019-03-01 22:33:37,552 INFO 6284 [egg:logger] init all loggers with options: {"dir":"/home/kang/Code/ibeem/logs/ibeem","encoding":"utf8","env":"local","level":"INFO","consoleLevel":"INFO","disableConsoleAfterReady":false,"outputJSON":false,"buffer":true,"appLogName":"ibeem-web.log","coreLogName":"egg-web.log","agentLogName":"egg-agent.log","errorLogName":"common-error.log","coreLogger":{"consoleLevel":"WARN"},"allowDebugAtProd":false,"type":"application"}
2019-03-01 22:33:37,577 INFO 6284 [egg-multipart] file mode enable
2019-03-01 22:33:37,577 INFO 6284 [egg-multipart] will save temporary files to "./tmp", cleanup job cron: "0 30 4 * * *"
2019-03-01 22:33:37,638 INFO 6284 [egg-redis] server connecting redis://:***@127.0.0.1:6379/0
2019-03-01 22:33:37,641 INFO 6284 [egg-mysql] connecting root@123.57.62.130:3306/ibeem_test
2019-03-01 22:33:37,801 INFO 6284 [egg-static] starting static serve /public/ -> /home/kang/Code/ibeem/app/public
2019-03-01 22:33:37,803 INFO 6284 [egg-security] use methodnoallow middleware
2019-03-01 22:33:37,803 INFO 6284 [egg-security] use noopen middleware
2019-03-01 22:33:37,803 INFO 6284 [egg-security] use nosniff middleware
2019-03-01 22:33:37,804 INFO 6284 [egg-security] use xssProtection middleware
2019-03-01 22:33:37,804 INFO 6284 [egg-security] use xframe middleware
2019-03-01 22:33:37,804 INFO 6284 [egg-security] use dta middleware
2019-03-01 22:33:37,804 INFO 6284 [egg-security] compose 6 middlewares into one security middleware
2019-03-01 22:33:37,840 INFO 6284 [egg:core] dump config after load, 6ms
2019-03-01 22:33:37,854 INFO 6284 [egg-redis] client connect success
2019-03-01 22:33:37,869 INFO 6284 [egg-watcher:application] watcher start success
2019-03-01 22:33:37,870 INFO 6284 [egg-redis] instance[0] status OK, redis server currentTime: Fri Mar 01 2019 22:33:37 GMT+0800 (CST)
2019-03-01 22:33:37,909 INFO 6284 [egg-mysql] instance[0] status OK, rds currentTime: Fri Mar 01 2019 22:33:37 GMT+0800 (CST)
2019-03-01 22:33:37,924 INFO 6284 [egg:core] dump config after ready, 11ms
2019-03-01 22:33:47,178 INFO 6304 [egg:logger] init all loggers with options: {"dir":"/home/kang/Code/ibeem/logs/ibeem","encoding":"utf8","env":"local","level":"INFO","consoleLevel":"INFO","disableConsoleAfterReady":false,"outputJSON":false,"buffer":true,"appLogName":"ibeem-web.log","coreLogName":"egg-web.log","agentLogName":"egg-agent.log","errorLogName":"common-error.log","coreLogger":{"consoleLevel":"WARN"},"allowDebugAtProd":false,"type":"application"}
2019-03-01 22:33:47,203 INFO 6304 [egg-multipart] file mode enable
2019-03-01 22:33:47,203 INFO 6304 [egg-multipart] will save temporary files to "./tmp", cleanup job cron: "0 30 4 * * *"
2019-03-01 22:33:47,268 INFO 6304 [egg-redis] server connecting redis://:***@127.0.0.1:6379/0
2019-03-01 22:33:47,272 INFO 6304 [egg-mysql] connecting root@123.57.62.130:3306/ibeem_test
2019-03-01 22:33:47,424 INFO 6304 [egg-static] starting static serve /public/ -> /home/kang/Code/ibeem/app/public
2019-03-01 22:33:47,425 INFO 6304 [egg-security] use methodnoallow middleware
2019-03-01 22:33:47,426 INFO 6304 [egg-security] use noopen middleware
2019-03-01 22:33:47,426 INFO 6304 [egg-security] use nosniff middleware
2019-03-01 22:33:47,426 INFO 6304 [egg-security] use xssProtection middleware
2019-03-01 22:33:47,427 INFO 6304 [egg-security] use xframe middleware
2019-03-01 22:33:47,427 INFO 6304 [egg-security] use dta middleware
2019-03-01 22:33:47,427 INFO 6304 [egg-security] compose 6 middlewares into one security middleware
2019-03-01 22:33:47,456 INFO 6304 [egg:core] dump config after load, 8ms
2019-03-01 22:33:47,491 INFO 6304 [egg-redis] client connect success
2019-03-01 22:33:47,500 INFO 6304 [egg-watcher:application] watcher start success
2019-03-01 22:33:47,501 INFO 6304 [egg-redis] instance[0] status OK, redis server currentTime: Fri Mar 01 2019 22:33:47 GMT+0800 (CST)
2019-03-01 22:33:47,510 INFO 6304 [egg-mysql] instance[0] status OK, rds currentTime: Fri Mar 01 2019 22:33:47 GMT+0800 (CST)
2019-03-01 22:33:47,518 INFO 6304 [egg:core] dump config after ready, 6ms
2019-03-01 22:33:58,304 INFO 6319 [egg:logger] init all loggers with options: {"dir":"/home/kang/Code/ibeem/logs/ibeem","encoding":"utf8","env":"local","level":"INFO","consoleLevel":"INFO","disableConsoleAfterReady":false,"outputJSON":false,"buffer":true,"appLogName":"ibeem-web.log","coreLogName":"egg-web.log","agentLogName":"egg-agent.log","errorLogName":"common-error.log","coreLogger":{"consoleLevel":"WARN"},"allowDebugAtProd":false,"type":"application"}
2019-03-01 22:33:58,342 INFO 6319 [egg-multipart] file mode enable
2019-03-01 22:33:58,342 INFO 6319 [egg-multipart] will save temporary files to "./tmp", cleanup job cron: "0 30 4 * * *"
2019-03-01 22:33:58,410 INFO 6319 [egg-redis] server connecting redis://:***@127.0.0.1:6379/0
2019-03-01 22:33:58,413 INFO 6319 [egg-mysql] connecting root@123.57.62.130:3306/ibeem_test
2019-03-01 22:33:58,573 INFO 6319 [egg-static] starting static serve /public/ -> /home/kang/Code/ibeem/app/public
2019-03-01 22:33:58,575 INFO 6319 [egg-security] use methodnoallow middleware
2019-03-01 22:33:58,575 INFO 6319 [egg-security] use noopen middleware
2019-03-01 22:33:58,575 INFO 6319 [egg-security] use nosniff middleware
2019-03-01 22:33:58,576 INFO 6319 [egg-security] use xssProtection middleware
2019-03-01 22:33:58,576 INFO 6319 [egg-security] use xframe middleware
2019-03-01 22:33:58,576 INFO 6319 [egg-security] use dta middleware
2019-03-01 22:33:58,576 INFO 6319 [egg-security] compose 6 middlewares into one security middleware
2019-03-01 22:33:58,607 INFO 6319 [egg:core] dump config after load, 9ms
2019-03-01 22:33:58,642 INFO 6319 [egg-redis] client connect success
2019-03-01 22:33:58,651 INFO 6319 [egg-watcher:application] watcher start success
2019-03-01 22:33:58,652 INFO 6319 [egg-redis] instance[0] status OK, redis server currentTime: Fri Mar 01 2019 22:33:58 GMT+0800 (CST)
2019-03-01 22:33:58,662 INFO 6319 [egg-mysql] instance[0] status OK, rds currentTime: Fri Mar 01 2019 22:33:58 GMT+0800 (CST)
2019-03-01 22:33:58,669 INFO 6319 [egg:core] dump config after ready, 5ms
2019-03-01 22:34:09,311 INFO 6329 [egg:logger] init all loggers with options: {"dir":"/home/kang/Code/ibeem/logs/ibeem","encoding":"utf8","env":"local","level":"INFO","consoleLevel":"INFO","disableConsoleAfterReady":false,"outputJSON":false,"buffer":true,"appLogName":"ibeem-web.log","coreLogName":"egg-web.log","agentLogName":"egg-agent.log","errorLogName":"common-error.log","coreLogger":{"consoleLevel":"WARN"},"allowDebugAtProd":false,"type":"application"}
2019-03-01 22:34:09,335 INFO 6329 [egg-multipart] file mode enable
2019-03-01 22:34:09,335 INFO 6329 [egg-multipart] will save temporary files to "./tmp", cleanup job cron: "0 30 4 * * *"
2019-03-01 22:34:09,402 INFO 6329 [egg-redis] server connecting redis://:***@127.0.0.1:6379/0
2019-03-01 22:34:09,405 INFO 6329 [egg-mysql] connecting root@123.57.62.130:3306/ibeem_test
2019-03-01 22:34:09,562 INFO 6329 [egg-static] starting static serve /public/ -> /home/kang/Code/ibeem/app/public
2019-03-01 22:34:09,564 INFO 6329 [egg-security] use methodnoallow middleware
2019-03-01 22:34:09,564 INFO 6329 [egg-security] use noopen middleware
2019-03-01 22:34:09,565 INFO 6329 [egg-security] use nosniff middleware
2019-03-01 22:34:09,565 INFO 6329 [egg-security] use xssProtection middleware
2019-03-01 22:34:09,565 INFO 6329 [egg-security] use xframe middleware
2019-03-01 22:34:09,565 INFO 6329 [egg-security] use dta middleware
2019-03-01 22:34:09,565 INFO 6329 [egg-security] compose 6 middlewares into one security middleware
2019-03-01 22:34:09,599 INFO 6329 [egg:core] dump config after load, 5ms
2019-03-01 22:34:09,646 INFO 6329 [egg-redis] client connect success
2019-03-01 22:34:09,659 INFO 6329 [egg-watcher:application] watcher start success
2019-03-01 22:34:09,660 INFO 6329 [egg-redis] instance[0] status OK, redis server currentTime: Fri Mar 01 2019 22:34:09 GMT+0800 (CST)
2019-03-01 22:34:09,667 INFO 6329 [egg-mysql] instance[0] status OK, rds currentTime: Fri Mar 01 2019 22:34:09 GMT+0800 (CST)
2019-03-01 22:34:09,676 INFO 6329 [egg:core] dump config after ready, 7ms
2019-03-01 22:34:19,581 INFO 6339 [egg:logger] init all loggers with options: {"dir":"/home/kang/Code/ibeem/logs/ibeem","encoding":"utf8","env":"local","level":"INFO","consoleLevel":"INFO","disableConsoleAfterReady":false,"outputJSON":false,"buffer":true,"appLogName":"ibeem-web.log","coreLogName":"egg-web.log","agentLogName":"egg-agent.log","errorLogName":"common-error.log","coreLogger":{"consoleLevel":"WARN"},"allowDebugAtProd":false,"type":"application"}
2019-03-01 22:34:19,604 INFO 6339 [egg-multipart] file mode enable
2019-03-01 22:34:19,604 INFO 6339 [egg-multipart] will save temporary files to "./tmp", cleanup job cron: "0 30 4 * * *"
2019-03-01 22:34:19,668 INFO 6339 [egg-redis] server connecting redis://:***@127.0.0.1:6379/0
2019-03-01 22:34:19,671 INFO 6339 [egg-mysql] connecting root@123.57.62.130:3306/ibeem_test
2019-03-01 22:34:19,818 INFO 6339 [egg-static] starting static serve /public/ -> /home/kang/Code/ibeem/app/public
2019-03-01 22:34:19,821 INFO 6339 [egg-security] use methodnoallow middleware
2019-03-01 22:34:19,821 INFO 6339 [egg-security] use noopen middleware
2019-03-01 22:34:19,822 INFO 6339 [egg-security] use nosniff middleware
2019-03-01 22:34:19,822 INFO 6339 [egg-security] use xssProtection middleware
2019-03-01 22:34:19,822 INFO 6339 [egg-security] use xframe middleware
2019-03-01 22:34:19,823 INFO 6339 [egg-security] use dta middleware
2019-03-01 22:34:19,823 INFO 6339 [egg-security] compose 6 middlewares into one security middleware
2019-03-01 22:34:19,861 INFO 6339 [egg:core] dump config after load, 7ms
2019-03-01 22:34:19,899 INFO 6339 [egg-redis] client connect success
2019-03-01 22:34:19,914 INFO 6339 [egg-watcher:application] watcher start success
2019-03-01 22:34:19,915 INFO 6339 [egg-redis] instance[0] status OK, redis server currentTime: Fri Mar 01 2019 22:34:19 GMT+0800 (CST)
2019-03-01 22:34:19,924 INFO 6339 [egg-mysql] instance[0] status OK, rds currentTime: Fri Mar 01 2019 22:34:19 GMT+0800 (CST)
2019-03-01 22:34:19,935 INFO 6339 [egg:core] dump config after ready, 8ms
2019-03-01 22:34:37,230 INFO 6352 [egg:logger] init all loggers with options: {"dir":"/home/kang/Code/ibeem/logs/ibeem","encoding":"utf8","env":"local","level":"INFO","consoleLevel":"INFO","disableConsoleAfterReady":false,"outputJSON":false,"buffer":true,"appLogName":"ibeem-web.log","coreLogName":"egg-web.log","agentLogName":"egg-agent.log","errorLogName":"common-error.log","coreLogger":{"consoleLevel":"WARN"},"allowDebugAtProd":false,"type":"application"}
2019-03-01 22:34:37,256 INFO 6352 [egg-multipart] file mode enable
2019-03-01 22:34:37,256 INFO 6352 [egg-multipart] will save temporary files to "./tmp", cleanup job cron: "0 30 4 * * *"
2019-03-01 22:34:37,332 INFO 6352 [egg-redis] server connecting redis://:***@127.0.0.1:6379/0
2019-03-01 22:34:37,338 INFO 6352 [egg-mysql] connecting root@123.57.62.130:3306/ibeem_test
2019-03-01 22:34:37,563 INFO 6352 [egg-static] starting static serve /public/ -> /home/kang/Code/ibeem/app/public
2019-03-01 22:34:37,566 INFO 6352 [egg-security] use methodnoallow middleware
2019-03-01 22:34:37,566 INFO 6352 [egg-security] use noopen middleware
2019-03-01 22:34:37,568 INFO 6352 [egg-security] use nosniff middleware
2019-03-01 22:34:37,568 INFO 6352 [egg-security] use xssProtection middleware
2019-03-01 22:34:37,569 INFO 6352 [egg-security] use xframe middleware
2019-03-01 22:34:37,569 INFO 6352 [egg-security] use dta middleware
2019-03-01 22:34:37,569 INFO 6352 [egg-security] compose 6 middlewares into one security middleware
2019-03-01 22:34:37,620 INFO 6352 [egg:core] dump config after load, 8ms
2019-03-01 22:34:37,671 INFO 6352 [egg-redis] client connect success
2019-03-01 22:34:37,684 INFO 6352 [egg-watcher:application] watcher start success
2019-03-01 22:34:37,685 INFO 6352 [egg-redis] instance[0] status OK, redis server currentTime: Fri Mar 01 2019 22:34:37 GMT+0800 (CST)
2019-03-01 22:34:37,694 INFO 6352 [egg-mysql] instance[0] status OK, rds currentTime: Fri Mar 01 2019 22:34:37 GMT+0800 (CST)
2019-03-01 22:34:37,706 INFO 6352 [egg:core] dump config after ready, 9ms
2019-03-01 22:34:49,140 INFO 6362 [egg:logger] init all loggers with options: {"dir":"/home/kang/Code/ibeem/logs/ibeem","encoding":"utf8","env":"local","level":"INFO","consoleLevel":"INFO","disableConsoleAfterReady":false,"outputJSON":false,"buffer":true,"appLogName":"ibeem-web.log","coreLogName":"egg-web.log","agentLogName":"egg-agent.log","errorLogName":"common-error.log","coreLogger":{"consoleLevel":"WARN"},"allowDebugAtProd":false,"type":"application"}
2019-03-01 22:34:49,165 INFO 6362 [egg-multipart] file mode enable
2019-03-01 22:34:49,165 INFO 6362 [egg-multipart] will save temporary files to "./tmp", cleanup job cron: "0 30 4 * * *"
2019-03-01 22:34:49,226 INFO 6362 [egg-redis] server connecting redis://:***@127.0.0.1:6379/0
2019-03-01 22:34:49,229 INFO 6362 [egg-mysql] connecting root@123.57.62.130:3306/ibeem_test
2019-03-01 22:34:49,387 INFO 6362 [egg-static] starting static serve /public/ -> /home/kang/Code/ibeem/app/public
2019-03-01 22:34:49,389 INFO 6362 [egg-security] use methodnoallow middleware
2019-03-01 22:34:49,389 INFO 6362 [egg-security] use noopen middleware
2019-03-01 22:34:49,389 INFO 6362 [egg-security] use nosniff middleware
2019-03-01 22:34:49,390 INFO 6362 [egg-security] use xssProtection middleware
2019-03-01 22:34:49,390 INFO 6362 [egg-security] use xframe middleware
2019-03-01 22:34:49,390 INFO 6362 [egg-security] use dta middleware
2019-03-01 22:34:49,390 INFO 6362 [egg-security] compose 6 middlewares into one security middleware
2019-03-01 22:34:49,421 INFO 6362 [egg:core] dump config after load, 5ms
2019-03-01 22:34:49,463 INFO 6362 [egg-redis] client connect success
2019-03-01 22:34:49,473 INFO 6362 [egg-watcher:application] watcher start success
2019-03-01 22:34:49,474 INFO 6362 [egg-redis] instance[0] status OK, redis server currentTime: Fri Mar 01 2019 22:34:49 GMT+0800 (CST)
2019-03-01 22:34:49,485 INFO 6362 [egg-mysql] instance[0] status OK, rds currentTime: Fri Mar 01 2019 22:34:49 GMT+0800 (CST)
2019-03-01 22:34:49,497 INFO 6362 [egg:core] dump config after ready, 9ms
2019-03-01 22:36:59,973 INFO 6392 [egg:logger] init all loggers with options: {"dir":"/home/kang/Code/ibeem/logs/ibeem","encoding":"utf8","env":"local","level":"INFO","consoleLevel":"INFO","disableConsoleAfterReady":false,"outputJSON":false,"buffer":true,"appLogName":"ibeem-web.log","coreLogName":"egg-web.log","agentLogName":"egg-agent.log","errorLogName":"common-error.log","coreLogger":{"consoleLevel":"WARN"},"allowDebugAtProd":false,"type":"application"}
2019-03-01 22:36:59,998 INFO 6392 [egg-multipart] file mode enable
2019-03-01 22:36:59,998 INFO 6392 [egg-multipart] will save temporary files to "./tmp", cleanup job cron: "0 30 4 * * *"
2019-03-01 22:37:00,064 INFO 6392 [egg-redis] server connecting redis://:***@127.0.0.1:6379/0
2019-03-01 22:37:00,066 INFO 6392 [egg-mysql] connecting root@123.57.62.130:3306/ibeem_test
2019-03-01 22:37:00,237 INFO 6392 [egg-static] starting static serve /public/ -> /home/kang/Code/ibeem/app/public
2019-03-01 22:37:00,242 INFO 6392 [egg-security] use methodnoallow middleware
2019-03-01 22:37:00,242 INFO 6392 [egg-security] use noopen middleware
2019-03-01 22:37:00,242 INFO 6392 [egg-security] use nosniff middleware
2019-03-01 22:37:00,243 INFO 6392 [egg-security] use xssProtection middleware
2019-03-01 22:37:00,243 INFO 6392 [egg-security] use xframe middleware
2019-03-01 22:37:00,243 INFO 6392 [egg-security] use dta middleware
2019-03-01 22:37:00,243 INFO 6392 [egg-security] compose 6 middlewares into one security middleware
2019-03-01 22:37:00,275 INFO 6392 [egg:core] dump config after load, 5ms
2019-03-01 22:37:00,312 INFO 6392 [egg-redis] client connect success
2019-03-01 22:37:00,321 INFO 6392 [egg-watcher:application] watcher start success
2019-03-01 22:37:00,322 INFO 6392 [egg-redis] instance[0] status OK, redis server currentTime: Fri Mar 01 2019 22:37:00 GMT+0800 (CST)
2019-03-01 22:37:00,333 INFO 6392 [egg-mysql] instance[0] status OK, rds currentTime: Fri Mar 01 2019 22:37:00 GMT+0800 (CST)
2019-03-01 22:37:00,340 INFO 6392 [egg:core] dump config after ready, 6ms
2019-03-01 22:37:42,742 INFO 6409 [egg:logger] init all loggers with options: {"dir":"/home/kang/Code/ibeem/logs/ibeem","encoding":"utf8","env":"local","level":"INFO","consoleLevel":"INFO","disableConsoleAfterReady":false,"outputJSON":false,"buffer":true,"appLogName":"ibeem-web.log","coreLogName":"egg-web.log","agentLogName":"egg-agent.log","errorLogName":"common-error.log","coreLogger":{"consoleLevel":"WARN"},"allowDebugAtProd":false,"type":"application"}
2019-03-01 22:37:42,767 INFO 6409 [egg-multipart] file mode enable
2019-03-01 22:37:42,767 INFO 6409 [egg-multipart] will save temporary files to "./tmp", cleanup job cron: "0 30 4 * * *"
2019-03-01 22:37:42,829 INFO 6409 [egg-redis] server connecting redis://:***@127.0.0.1:6379/0
2019-03-01 22:37:42,832 INFO 6409 [egg-mysql] connecting root@123.57.62.130:3306/ibeem_test
2019-03-01 22:37:43,033 INFO 6409 [egg-static] starting static serve /public/ -> /home/kang/Code/ibeem/app/public
2019-03-01 22:37:43,035 INFO 6409 [egg-security] use methodnoallow middleware
2019-03-01 22:37:43,036 INFO 6409 [egg-security] use noopen middleware
2019-03-01 22:37:43,036 INFO 6409 [egg-security] use nosniff middleware
2019-03-01 22:37:43,036 INFO 6409 [egg-security] use xssProtection middleware
2019-03-01 22:37:43,036 INFO 6409 [egg-security] use xframe middleware
2019-03-01 22:37:43,037 INFO 6409 [egg-security] use dta middleware
2019-03-01 22:37:43,037 INFO 6409 [egg-security] compose 6 middlewares into one security middleware
2019-03-01 22:37:43,069 INFO 6409 [egg:core] dump config after load, 6ms
2019-03-01 22:37:43,079 INFO 6409 [egg-redis] client connect success
2019-03-01 22:37:43,089 INFO 6409 [egg-watcher:application] watcher start success
2019-03-01 22:37:43,119 INFO 6409 [egg-redis] instance[0] status OK, redis server currentTime: Fri Mar 01 2019 22:37:43 GMT+0800 (CST)
2019-03-01 22:37:43,126 INFO 6409 [egg-mysql] instance[0] status OK, rds currentTime: Fri Mar 01 2019 22:37:43 GMT+0800 (CST)
2019-03-01 22:37:43,133 INFO 6409 [egg:core] dump config after ready, 6ms
2019-03-01 22:37:50,260 INFO 6419 [egg:logger] init all loggers with options: {"dir":"/home/kang/Code/ibeem/logs/ibeem","encoding":"utf8","env":"local","level":"INFO","consoleLevel":"INFO","disableConsoleAfterReady":false,"outputJSON":false,"buffer":true,"appLogName":"ibeem-web.log","coreLogName":"egg-web.log","agentLogName":"egg-agent.log","errorLogName":"common-error.log","coreLogger":{"consoleLevel":"WARN"},"allowDebugAtProd":false,"type":"application"}
2019-03-01 22:37:50,289 INFO 6419 [egg-multipart] file mode enable
2019-03-01 22:37:50,289 INFO 6419 [egg-multipart] will save temporary files to "./tmp", cleanup job cron: "0 30 4 * * *"
2019-03-01 22:37:50,361 INFO 6419 [egg-redis] server connecting redis://:***@127.0.0.1:6379/0
2019-03-01 22:37:50,364 INFO 6419 [egg-mysql] connecting root@123.57.62.130:3306/ibeem_test
2019-03-01 22:37:50,514 INFO 6419 [egg-static] starting static serve /public/ -> /home/kang/Code/ibeem/app/public
2019-03-01 22:37:50,516 INFO 6419 [egg-security] use methodnoallow middleware
2019-03-01 22:37:50,516 INFO 6419 [egg-security] use noopen middleware
2019-03-01 22:37:50,517 INFO 6419 [egg-security] use nosniff middleware
2019-03-01 22:37:50,517 INFO 6419 [egg-security] use xssProtection middleware
2019-03-01 22:37:50,517 INFO 6419 [egg-security] use xframe middleware
2019-03-01 22:37:50,517 INFO 6419 [egg-security] use dta middleware
2019-03-01 22:37:50,517 INFO 6419 [egg-security] compose 6 middlewares into one security middleware
2019-03-01 22:37:50,548 INFO 6419 [egg:core] dump config after load, 5ms
2019-03-01 22:37:50,585 INFO 6419 [egg-redis] client connect success
2019-03-01 22:37:50,600 INFO 6419 [egg-watcher:application] watcher start success
2019-03-01 22:37:50,601 INFO 6419 [egg-redis] instance[0] status OK, redis server currentTime: Fri Mar 01 2019 22:37:50 GMT+0800 (CST)
2019-03-01 22:37:50,612 INFO 6419 [egg-mysql] instance[0] status OK, rds currentTime: Fri Mar 01 2019 22:37:50 GMT+0800 (CST)
2019-03-01 22:37:50,620 INFO 6419 [egg:core] dump config after ready, 5ms
2019-03-01 22:38:03,114 INFO 6429 [egg:logger] init all loggers with options: {"dir":"/home/kang/Code/ibeem/logs/ibeem","encoding":"utf8","env":"local","level":"INFO","consoleLevel":"INFO","disableConsoleAfterReady":false,"outputJSON":false,"buffer":true,"appLogName":"ibeem-web.log","coreLogName":"egg-web.log","agentLogName":"egg-agent.log","errorLogName":"common-error.log","coreLogger":{"consoleLevel":"WARN"},"allowDebugAtProd":false,"type":"application"}
2019-03-01 22:38:03,144 INFO 6429 [egg-multipart] file mode enable
2019-03-01 22:38:03,144 INFO 6429 [egg-multipart] will save temporary files to "./tmp", cleanup job cron: "0 30 4 * * *"
2019-03-01 22:38:03,206 INFO 6429 [egg-redis] server connecting redis://:***@127.0.0.1:6379/0
2019-03-01 22:38:03,209 INFO 6429 [egg-mysql] connecting root@123.57.62.130:3306/ibeem_test
2019-03-01 22:38:03,367 INFO 6429 [egg-static] starting static serve /public/ -> /home/kang/Code/ibeem/app/public
2019-03-01 22:38:03,369 INFO 6429 [egg-security] use methodnoallow middleware
2019-03-01 22:38:03,370 INFO 6429 [egg-security] use noopen middleware
2019-03-01 22:38:03,370 INFO 6429 [egg-security] use nosniff middleware
2019-03-01 22:38:03,370 INFO 6429 [egg-security] use xssProtection middleware
2019-03-01 22:38:03,370 INFO 6429 [egg-security] use xframe middleware
2019-03-01 22:38:03,371 INFO 6429 [egg-security] use dta middleware
2019-03-01 22:38:03,371 INFO 6429 [egg-security] compose 6 middlewares into one security middleware
2019-03-01 22:38:03,403 INFO 6429 [egg:core] dump config after load, 6ms
2019-03-01 22:38:03,439 INFO 6429 [egg-redis] client connect success
2019-03-01 22:38:03,448 INFO 6429 [egg-watcher:application] watcher start success
2019-03-01 22:38:03,448 INFO 6429 [egg-redis] instance[0] status OK, redis server currentTime: Fri Mar 01 2019 22:38:03 GMT+0800 (CST)
2019-03-01 22:38:03,464 INFO 6429 [egg-mysql] instance[0] status OK, rds currentTime: Fri Mar 01 2019 22:38:03 GMT+0800 (CST)
2019-03-01 22:38:03,479 INFO 6429 [egg:core] dump config after ready, 11ms
2019-03-01 22:38:17,989 INFO 6439 [egg:logger] init all loggers with options: {"dir":"/home/kang/Code/ibeem/logs/ibeem","encoding":"utf8","env":"local","level":"INFO","consoleLevel":"INFO","disableConsoleAfterReady":false,"outputJSON":false,"buffer":true,"appLogName":"ibeem-web.log","coreLogName":"egg-web.log","agentLogName":"egg-agent.log","errorLogName":"common-error.log","coreLogger":{"consoleLevel":"WARN"},"allowDebugAtProd":false,"type":"application"}
2019-03-01 22:38:18,014 INFO 6439 [egg-multipart] file mode enable
2019-03-01 22:38:18,014 INFO 6439 [egg-multipart] will save temporary files to "./tmp", cleanup job cron: "0 30 4 * * *"
2019-03-01 22:38:18,076 INFO 6439 [egg-redis] server connecting redis://:***@127.0.0.1:6379/0
2019-03-01 22:38:18,079 INFO 6439 [egg-mysql] connecting root@123.57.62.130:3306/ibeem_test
2019-03-01 22:38:18,238 INFO 6439 [egg-static] starting static serve /public/ -> /home/kang/Code/ibeem/app/public
2019-03-01 22:38:18,240 INFO 6439 [egg-security] use methodnoallow middleware
2019-03-01 22:38:18,240 INFO 6439 [egg-security] use noopen middleware
2019-03-01 22:38:18,241 INFO 6439 [egg-security] use nosniff middleware
2019-03-01 22:38:18,241 INFO 6439 [egg-security] use xssProtection middleware
2019-03-01 22:38:18,241 INFO 6439 [egg-security] use xframe middleware
2019-03-01 22:38:18,241 INFO 6439 [egg-security] use dta middleware
2019-03-01 22:38:18,241 INFO 6439 [egg-security] compose 6 middlewares into one security middleware
2019-03-01 22:38:18,273 INFO 6439 [egg:core] dump config after load, 6ms
2019-03-01 22:38:18,287 INFO 6439 [egg-redis] client connect success
2019-03-01 22:38:18,299 INFO 6439 [egg-watcher:application] watcher start success
2019-03-01 22:38:18,300 INFO 6439 [egg-redis] instance[0] status OK, redis server currentTime: Fri Mar 01 2019 22:38:18 GMT+0800 (CST)
2019-03-01 22:38:18,337 INFO 6439 [egg-mysql] instance[0] status OK, rds currentTime: Fri Mar 01 2019 22:38:18 GMT+0800 (CST)
2019-03-01 22:38:18,349 INFO 6439 [egg:core] dump config after ready, 9ms
2019-03-01 22:39:39,787 INFO 6466 [egg:logger] init all loggers with options: {"dir":"/home/kang/Code/ibeem/logs/ibeem","encoding":"utf8","env":"local","level":"INFO","consoleLevel":"INFO","disableConsoleAfterReady":false,"outputJSON":false,"buffer":true,"appLogName":"ibeem-web.log","coreLogName":"egg-web.log","agentLogName":"egg-agent.log","errorLogName":"common-error.log","coreLogger":{"consoleLevel":"WARN"},"allowDebugAtProd":false,"type":"application"}
2019-03-01 22:39:39,811 INFO 6466 [egg-multipart] file mode enable
2019-03-01 22:39:39,811 INFO 6466 [egg-multipart] will save temporary files to "./tmp", cleanup job cron: "0 30 4 * * *"
2019-03-01 22:39:39,880 INFO 6466 [egg-redis] server connecting redis://:***@127.0.0.1:6379/0
2019-03-01 22:39:39,883 INFO 6466 [egg-mysql] connecting root@123.57.62.130:3306/ibeem_test
2019-03-01 22:39:40,027 INFO 6466 [egg-static] starting static serve /public/ -> /home/kang/Code/ibeem/app/public
2019-03-01 22:39:40,029 INFO 6466 [egg-security] use methodnoallow middleware
2019-03-01 22:39:40,029 INFO 6466 [egg-security] use noopen middleware
2019-03-01 22:39:40,030 INFO 6466 [egg-security] use nosniff middleware
2019-03-01 22:39:40,030 INFO 6466 [egg-security] use xssProtection middleware
2019-03-01 22:39:40,030 INFO 6466 [egg-security] use xframe middleware
2019-03-01 22:39:40,030 INFO 6466 [egg-security] use dta middleware
2019-03-01 22:39:40,030 INFO 6466 [egg-security] compose 6 middlewares into one security middleware
2019-03-01 22:39:40,062 INFO 6466 [egg:core] dump config after load, 6ms
2019-03-01 22:39:40,098 INFO 6466 [egg-redis] client connect success
2019-03-01 22:39:40,109 INFO 6466 [egg-watcher:application] watcher start success
2019-03-01 22:39:40,109 INFO 6466 [egg-redis] instance[0] status OK, redis server currentTime: Fri Mar 01 2019 22:39:40 GMT+0800 (CST)
2019-03-01 22:39:40,124 INFO 6466 [egg-mysql] instance[0] status OK, rds currentTime: Fri Mar 01 2019 22:39:40 GMT+0800 (CST)
2019-03-01 22:39:40,132 INFO 6466 [egg:core] dump config after ready, 6ms
