2019-03-03 01:40:54,081 ERROR 12453 [-/::1/-/2ms POST /project/single/building/point_image] nodejs.ENOENTError: ENOENT: no such file or directory, scandir '/home/kang/Code/ibeem/app/public/file/point'
    at Object.fs.readdirSync (fs.js:904:18)
    at SingleBuildingController.buildingPointImage (/home/kang/Code/ibeem/app/controller/project/single_building.js:353:26)
    at Object.callFn (/home/kang/Code/ibeem/node_modules/_egg-core@4.14.1@egg-core/lib/utils/index.js:44:21)
    at Object.classControllerMiddleware (/home/kang/Code/ibeem/node_modules/_egg-core@4.14.1@egg-core/lib/loader/mixin/controller.js:87:20)
    at Object.callFn (/home/kang/Code/ibeem/node_modules/_@eggjs_router@2.0.0@@eggjs/router/lib/utils.js:12:21)
    at wrappedController (/home/kang/Code/ibeem/node_modules/_@eggjs_router@2.0.0@@eggjs/router/lib/egg_router.js:322:18)
    at dispatch (/home/kang/Code/ibeem/node_modules/_koa-compose@3.2.1@koa-compose/index.js:44:32)
    at next (/home/kang/Code/ibeem/node_modules/_koa-compose@3.2.1@koa-compose/index.js:45:18)
    at /home/kang/Code/ibeem/app/middleware/user_required.js:15:11
    at dispatch (/home/kang/Code/ibeem/node_modules/_koa-compose@3.2.1@koa-compose/index.js:44:32)
    at next (/home/kang/Code/ibeem/node_modules/_koa-compose@3.2.1@koa-compose/index.js:45:18)
    at /home/kang/Code/ibeem/node_modules/_@eggjs_router@2.0.0@@eggjs/router/lib/router.js:190:18
    at dispatch (/home/kang/Code/ibeem/node_modules/_koa-compose@3.2.1@koa-compose/index.js:44:32)
    at /home/kang/Code/ibeem/node_modules/_koa-compose@3.2.1@koa-compose/index.js:36:12
    at dispatch (/home/kang/Code/ibeem/node_modules/_@eggjs_router@2.0.0@@eggjs/router/lib/router.js:195:33)
    at dispatch (/home/kang/Code/ibeem/node_modules/_koa-compose@4.1.0@koa-compose/index.js:42:32)
errno: -2
code: "ENOENT"
syscall: "scandir"
path: "/home/kang/Code/ibeem/app/public/file/point"
name: "ENOENTError"
pid: 12453
hostname: ubuntu

2019-03-03 01:45:24,921 ERROR 12604 [-/::1/-/2ms POST /project/single/building/point_image] nodejs.ENOENTError: ENOENT: no such file or directory, scandir '/home/kang/Code/ibeem/app/public/file/point'
    at Object.fs.readdirSync (fs.js:904:18)
    at SingleBuildingController.buildingPointImage (/home/kang/Code/ibeem/app/controller/project/single_building.js:353:26)
    at Object.callFn (/home/kang/Code/ibeem/node_modules/_egg-core@4.14.1@egg-core/lib/utils/index.js:44:21)
    at Object.classControllerMiddleware (/home/kang/Code/ibeem/node_modules/_egg-core@4.14.1@egg-core/lib/loader/mixin/controller.js:87:20)
    at Object.callFn (/home/kang/Code/ibeem/node_modules/_@eggjs_router@2.0.0@@eggjs/router/lib/utils.js:12:21)
    at wrappedController (/home/kang/Code/ibeem/node_modules/_@eggjs_router@2.0.0@@eggjs/router/lib/egg_router.js:322:18)
    at dispatch (/home/kang/Code/ibeem/node_modules/_koa-compose@3.2.1@koa-compose/index.js:44:32)
    at next (/home/kang/Code/ibeem/node_modules/_koa-compose@3.2.1@koa-compose/index.js:45:18)
    at /home/kang/Code/ibeem/app/middleware/user_required.js:15:11
    at dispatch (/home/kang/Code/ibeem/node_modules/_koa-compose@3.2.1@koa-compose/index.js:44:32)
    at next (/home/kang/Code/ibeem/node_modules/_koa-compose@3.2.1@koa-compose/index.js:45:18)
    at /home/kang/Code/ibeem/node_modules/_@eggjs_router@2.0.0@@eggjs/router/lib/router.js:190:18
    at dispatch (/home/kang/Code/ibeem/node_modules/_koa-compose@3.2.1@koa-compose/index.js:44:32)
    at /home/kang/Code/ibeem/node_modules/_koa-compose@3.2.1@koa-compose/index.js:36:12
    at dispatch (/home/kang/Code/ibeem/node_modules/_@eggjs_router@2.0.0@@eggjs/router/lib/router.js:195:33)
    at dispatch (/home/kang/Code/ibeem/node_modules/_koa-compose@4.1.0@koa-compose/index.js:42:32)
errno: -2
code: "ENOENT"
syscall: "scandir"
path: "/home/kang/Code/ibeem/app/public/file/point"
name: "ENOENTError"
pid: 12604
hostname: ubuntu

2019-03-03 02:00:57,401 ERROR 12604 [-/::1/-/1ms GET /common/questionDX] nodejs.AssertionError [ERR_ASSERTION]: Can't find common/components/questionDx.html from /home/kang/Code/ibeem/app/view
    at Map.resolve (/home/kang/Code/ibeem/node_modules/_egg-view@2.1.2@egg-view/lib/view_manager.js:74:5)
    at <anonymous>
generatedMessage: false
name: "AssertionError [ERR_ASSERTION]"
code: "ERR_ASSERTION"
actual: undefined
expected: true
operator: "=="
pid: 12604
hostname: ubuntu

2019-03-03 02:09:23,961 ERROR 12604 [-/::1/-/2ms GET /common/questionDX] nodejs.AssertionError [ERR_ASSERTION]: Can't find common/components/questionDx.html from /home/kang/Code/ibeem/app/view
    at Map.resolve (/home/kang/Code/ibeem/node_modules/_egg-view@2.1.2@egg-view/lib/view_manager.js:74:5)
    at <anonymous>
generatedMessage: false
name: "AssertionError [ERR_ASSERTION]"
code: "ERR_ASSERTION"
actual: undefined
expected: true
operator: "=="
pid: 12604
hostname: ubuntu

2019-03-03 02:10:27,072 ERROR 12604 [-/::1/-/2ms GET /common/questionDX] nodejs.AssertionError [ERR_ASSERTION]: Can't find common/components/questionDx.html from /home/kang/Code/ibeem/app/view
    at Map.resolve (/home/kang/Code/ibeem/node_modules/_egg-view@2.1.2@egg-view/lib/view_manager.js:74:5)
    at <anonymous>
generatedMessage: false
name: "AssertionError [ERR_ASSERTION]"
code: "ERR_ASSERTION"
actual: undefined
expected: true
operator: "=="
pid: 12604
hostname: ubuntu

2019-03-03 02:10:30,177 ERROR 12604 [-/::1/-/2ms GET /common/questionDX] nodejs.AssertionError [ERR_ASSERTION]: Can't find common/components/questionDx.html from /home/kang/Code/ibeem/app/view
    at Map.resolve (/home/kang/Code/ibeem/node_modules/_egg-view@2.1.2@egg-view/lib/view_manager.js:74:5)
    at <anonymous>
generatedMessage: false
name: "AssertionError [ERR_ASSERTION]"
code: "ERR_ASSERTION"
actual: undefined
expected: true
operator: "=="
pid: 12604
hostname: ubuntu

